Log file open, 05/14/19 12:34:52
LogWindows: Failed to load 'aqProf.dll' (GetLastError=126)
LogWindows: File 'aqProf.dll' does not exist
LogWindows: Failed to load 'VtuneApi.dll' (GetLastError=126)
LogWindows: File 'VtuneApi.dll' does not exist
LogWindows: Failed to load 'VtuneApi32e.dll' (GetLastError=126)
LogWindows: File 'VtuneApi32e.dll' does not exist
LogConsoleResponse: Display: Failed to find resolution value strings in scalability ini. Falling back to default.
LogInit: Display: Running engine for game: unrealproject
LogPakFile: Registered encryption key '00000000000000000000000000000000': 0 pak files mounted, 0 remain pending
LogPlatformFile: Not using cached read wrapper
LogTaskGraph: Started task graph with 5 named threads and 35 total threads with 3 sets of task threads.
LogStats: Stats thread started at 0.412507
LogD3D11RHI: Loaded GFSDK_Aftermath_Lib.x64.dll
LogICUInternationalization: ICU TimeZone Detection - Raw Offset: +10:00, Platform Override: ''
LogPluginManager: Mounting plugin Paper2D
LogPluginManager: Mounting plugin AISupport
LogPluginManager: Mounting plugin LightPropagationVolume
LogPluginManager: Mounting plugin ActorLayerUtilities
LogPluginManager: Mounting plugin CLionSourceCodeAccess
LogPluginManager: Mounting plugin CodeLiteSourceCodeAccess
LogPluginManager: Mounting plugin GitSourceControl
LogPluginManager: Mounting plugin KDevelopSourceCodeAccess
LogPluginManager: Mounting plugin NullSourceCodeAccess
LogPluginManager: Mounting plugin PerforceSourceControl
LogPluginManager: Mounting plugin SubversionSourceControl
LogPluginManager: Mounting plugin UObjectPlugin
LogPluginManager: Mounting plugin VisualStudioCodeSourceCodeAccess
LogPluginManager: Mounting plugin VisualStudioSourceCodeAccess
LogPluginManager: Mounting plugin XCodeSourceCodeAccess
LogPluginManager: Mounting plugin AssetManagerEditor
LogPluginManager: Mounting plugin CryptoKeys
LogPluginManager: Mounting plugin DataValidation
LogPluginManager: Mounting plugin FacialAnimation
LogPluginManager: Mounting plugin GameplayTagsEditor
LogPluginManager: Mounting plugin MacGraphicsSwitching
LogPluginManager: Mounting plugin MeshEditor
LogPluginManager: Mounting plugin MobileLauncherProfileWizard
LogPluginManager: Mounting plugin PluginBrowser
LogPluginManager: Mounting plugin SpeedTreeImporter
LogPluginManager: Mounting plugin DatasmithContent
LogPluginManager: Mounting plugin VariantManagerContent
LogPluginManager: Mounting plugin AlembicImporter
LogPluginManager: Mounting plugin AppleImageUtils
LogPluginManager: Mounting plugin AppleVision
LogPluginManager: Mounting plugin BackChannel
LogPluginManager: Mounting plugin CharacterAI
LogPluginManager: Mounting plugin GeometryCache
LogPluginManager: Mounting plugin HTML5Networking
LogPluginManager: Mounting plugin ProxyLODPlugin
LogPluginManager: Mounting plugin MagicLeap
LogPluginManager: Mounting plugin MagicLeapMedia
LogPluginManager: Mounting plugin AndroidMedia
LogPluginManager: Mounting plugin AvfMedia
LogPluginManager: Mounting plugin ImgMedia
LogPluginManager: Mounting plugin LinearTimecode
LogPluginManager: Mounting plugin MediaCompositing
LogPluginManager: Mounting plugin MediaPlayerEditor
LogPluginManager: Mounting plugin WebMMedia
LogPluginManager: Mounting plugin WmfMedia
LogPluginManager: Mounting plugin TcpMessaging
LogPluginManager: Mounting plugin UdpMessaging
LogPluginManager: Mounting plugin ActorSequence
LogPluginManager: Mounting plugin LevelSequenceEditor
LogPluginManager: Mounting plugin MatineeToLevelSequence
LogPluginManager: Mounting plugin NetcodeUnitTest
LogPluginManager: Mounting plugin NUTUnrealEngine4
LogPluginManager: Mounting plugin OnlineSubsystemGooglePlay
LogPluginManager: Mounting plugin OnlineSubsystemIOS
LogPluginManager: Mounting plugin OnlineSubsystem
LogPluginManager: Mounting plugin OnlineSubsystemNull
LogPluginManager: Mounting plugin OnlineSubsystemUtils
LogPluginManager: Mounting plugin LauncherChunkInstaller
LogPluginManager: Mounting plugin AndroidDeviceProfileSelector
LogPluginManager: Mounting plugin AndroidMoviePlayer
LogPluginManager: Mounting plugin AndroidPermission
LogPluginManager: Mounting plugin AppleMoviePlayer
LogPluginManager: Mounting plugin ArchVisCharacter
LogPluginManager: Mounting plugin AudioCapture
LogPluginManager: Mounting plugin CableComponent
LogPluginManager: Mounting plugin CustomMeshComponent
LogPluginManager: Mounting plugin EditableMesh
LogPluginManager: Mounting plugin ExampleDeviceProfileSelector
LogPluginManager: Mounting plugin Firebase
LogPluginManager: Mounting plugin GoogleCloudMessaging
LogPluginManager: Mounting plugin IOSDeviceProfileSelector
LogPluginManager: Mounting plugin LinuxDeviceProfileSelector
LogPluginManager: Mounting plugin LocationServicesBPLibrary
LogPluginManager: Mounting plugin MobilePatchingUtils
LogPluginManager: Mounting plugin OculusVR
LogPluginManager: Mounting plugin PhysXVehicles
LogPluginManager: Mounting plugin ProceduralMeshComponent
LogPluginManager: Mounting plugin RuntimePhysXCooking
LogPluginManager: Mounting plugin SteamVR
LogPluginManager: Mounting plugin WebMMoviePlayer
LogPluginManager: Mounting plugin WindowsMoviePlayer
LogStreaming: Display: Took  0.175s to configure plugins.
LogInit: Using libcurl 7.55.1-DEV
LogInit:  - built for x86_64-pc-win32
LogInit:  - supports SSL with OpenSSL/1.0.2h
LogInit:  - supports HTTP deflate (compression) using libz 1.2.8
LogInit:  - other features:
LogInit:      CURL_VERSION_SSL
LogInit:      CURL_VERSION_LIBZ
LogInit:      CURL_VERSION_IPV6
LogInit:      CURL_VERSION_ASYNCHDNS
LogInit:      CURL_VERSION_LARGEFILE
LogInit:      CURL_VERSION_IDN
LogInit:  CurlRequestOptions (configurable via config and command line):
LogInit:  - bVerifyPeer = true  - Libcurl will verify peer certificate
LogInit:  - bUseHttpProxy = false  - Libcurl will NOT use HTTP proxy
LogInit:  - bDontReuseConnections = false  - Libcurl will reuse connections
LogInit:  - MaxHostConnections = 16  - Libcurl will limit the number of connections to a host
LogInit:  - LocalHostAddr = Default
LogInit:  - BufferSize = 65536
LogInit: WinSock: version 1.1 (2.2), MaxSocks=32767, MaxUdp=65467
LogInit: Build: ++UE4+Release-4.21-CL-4753647
LogInit: Engine Version: 4.21.2-4753647+++UE4+Release-4.21
LogInit: Compatible Engine Version: 4.21.0-4541578+++UE4+Release-4.21
LogInit: Net CL: 4541578
LogInit: OS: Windows 10 (), CPU: Intel(R) Core(TM) i7-8750H CPU @ 2.20GHz, GPU: Intel(R) UHD Graphics 630
LogInit: Compiled (64-bit): Jan 19 2019 02:07:31
LogInit: Compiled with Visual C++: 19.13.26129.00
LogInit: Build Configuration: Development
LogInit: Branch Name: ++UE4+Release-4.21
LogInit: Command Line: 
LogInit: Base Directory: D:/UE_4.21/Engine/Binaries/Win64/
LogInit: Installed Engine Build: 1
LogDevObjectVersion: Number of dev versions registered: 22
LogDevObjectVersion:   Dev-Blueprints (B0D832E4-1F89-4F0D-ACCF-7EB736FD4AA2): 10
LogDevObjectVersion:   Dev-Build (E1C64328-A22C-4D53-A36C-8E866417BD8C): 0
LogDevObjectVersion:   Dev-Core (375EC13C-06E4-48FB-B500-84F0262A717E): 2
LogDevObjectVersion:   Dev-Editor (E4B068ED-F494-42E9-A231-DA0B2E46BB41): 26
LogDevObjectVersion:   Dev-Framework (CFFC743F-43B0-4480-9391-14DF171D2073): 34
LogDevObjectVersion:   Dev-Mobile (B02B49B5-BB20-44E9-A304-32B752E40360): 2
LogDevObjectVersion:   Dev-Networking (A4E4105C-59A1-49B5-A7C5-40C4547EDFEE): 0
LogDevObjectVersion:   Dev-Online (39C831C9-5AE6-47DC-9A44-9C173E1C8E7C): 0
LogDevObjectVersion:   Dev-Physics (78F01B33-EBEA-4F98-B9B4-84EACCB95AA2): 0
LogDevObjectVersion:   Dev-Platform (6631380F-2D4D-43E0-8009-CF276956A95A): 0
LogDevObjectVersion:   Dev-Rendering (12F88B9F-8875-4AFC-A67C-D90C383ABD29): 27
LogDevObjectVersion:   Dev-Sequencer (7B5AE74C-D270-4C10-A958-57980B212A5A): 9
LogDevObjectVersion:   Dev-VR (D7296918-1DD6-4BDD-9DE2-64A83CC13884): 2
LogDevObjectVersion:   Dev-LoadTimes (C2A15278-BFE7-4AFE-6C17-90FF531DF755): 1
LogDevObjectVersion:   Private-Geometry (6EACA3D4-40EC-4CC1-B786-8BED09428FC5): 3
LogDevObjectVersion:   Dev-AnimPhys (29E575DD-E0A3-4627-9D10-D276232CDCEA): 17
LogDevObjectVersion:   Dev-Anim (AF43A65D-7FD3-4947-9873-3E8ED9C1BB05): 2
LogDevObjectVersion:   Dev-ReflectionCapture (6B266CEC-1EC7-4B8F-A30B-E4D90942FC07): 1
LogDevObjectVersion:   Dev-Automation (0DF73D61-A23F-47EA-B727-89E90C41499A): 1
LogDevObjectVersion:   FortniteMain (601D1886-AC64-4F84-AA16-D3DE0DEAC7D6): 17
LogDevObjectVersion:   Dev-Enterprise (9DFFBCD6-494F-0158-E221-12823C92A888): 4
LogDevObjectVersion:   Dev-Niagara (F2AED0AC-9AFE-416F-8664-AA7FFA26D6FC): 1
LogStreaming: Display: Took  0.002s to delete old logs.
LogInit: Presizing for max 8388607 objects, including 0 objects not considered by GC, pre-allocating 0 bytes for permanent pool.
LogInit: Object subsystem initialized
LogConfig: Setting CVar [[con.DebugEarlyDefault:1]]
LogConfig: Setting CVar [[r.setres:1280x720]]
[2019.05.14-02.34.52:699][  0]LogConfig: Setting CVar [[r.VSync:0]]
[2019.05.14-02.34.52:699][  0]LogConfig: Setting CVar [[r.RHICmdBypass:0]]
[2019.05.14-02.34.52:699][  0]LogConfig: Applying CVar settings from Section [/Script/Engine.RendererSettings] File [D:/githubproject/unrealproject/Saved/Config/Windows/Engine.ini]
[2019.05.14-02.34.52:699][  0]LogConfig: Setting CVar [[r.GPUCrashDebugging:0]]
[2019.05.14-02.34.52:699][  0]LogConfig: Setting CVar [[r.GenerateMeshDistanceFields:1]]
[2019.05.14-02.34.52:699][  0]LogConfig: Applying CVar settings from Section [/Script/Engine.RendererOverrideSettings] File [D:/githubproject/unrealproject/Saved/Config/Windows/Engine.ini]
[2019.05.14-02.34.52:700][  0]LogConfig: Applying CVar settings from Section [/Script/Engine.StreamingSettings] File [D:/githubproject/unrealproject/Saved/Config/Windows/Engine.ini]
[2019.05.14-02.34.52:700][  0]LogConfig: Setting CVar [[s.MinBulkDataSizeForAsyncLoading:131072]]
[2019.05.14-02.34.52:700][  0]LogConfig: Setting CVar [[s.AsyncLoadingThreadEnabled:0]]
[2019.05.14-02.34.52:700][  0]LogConfig: Setting CVar [[s.EventDrivenLoaderEnabled:1]]
[2019.05.14-02.34.52:700][  0]LogConfig: Setting CVar [[s.WarnIfTimeLimitExceeded:0]]
[2019.05.14-02.34.52:700][  0]LogConfig: Setting CVar [[s.TimeLimitExceededMultiplier:1.5]]
[2019.05.14-02.34.52:700][  0]LogConfig: Setting CVar [[s.TimeLimitExceededMinTime:0.005]]
[2019.05.14-02.34.52:700][  0]LogConfig: Setting CVar [[s.UseBackgroundLevelStreaming:1]]
[2019.05.14-02.34.52:700][  0]LogConfig: Setting CVar [[s.PriorityAsyncLoadingExtraTime:15.0]]
[2019.05.14-02.34.52:700][  0]LogConfig: Setting CVar [[s.LevelStreamingActorsUpdateTimeLimit:5.0]]
[2019.05.14-02.34.52:700][  0]LogConfig: Setting CVar [[s.PriorityLevelStreamingActorsUpdateExtraTime:5.0]]
[2019.05.14-02.34.52:700][  0]LogConfig: Setting CVar [[s.LevelStreamingComponentsRegistrationGranularity:10]]
[2019.05.14-02.34.52:700][  0]LogConfig: Setting CVar [[s.UnregisterComponentsTimeLimit:1.0]]
[2019.05.14-02.34.52:700][  0]LogConfig: Setting CVar [[s.LevelStreamingComponentsUnregistrationGranularity:5]]
[2019.05.14-02.34.52:700][  0]LogConfig: Applying CVar settings from Section [/Script/Engine.GarbageCollectionSettings] File [D:/githubproject/unrealproject/Saved/Config/Windows/Engine.ini]
[2019.05.14-02.34.52:700][  0]LogConfig: Setting CVar [[gc.MaxObjectsNotConsideredByGC:1]]
[2019.05.14-02.34.52:700][  0]LogConfig: Setting CVar [[gc.SizeOfPermanentObjectPool:0]]
[2019.05.14-02.34.52:700][  0]LogConfig: Setting CVar [[gc.FlushStreamingOnGC:0]]
[2019.05.14-02.34.52:700][  0]LogConfig: Setting CVar [[gc.NumRetriesBeforeForcingGC:10]]
[2019.05.14-02.34.52:700][  0]LogConfig: Setting CVar [[gc.AllowParallelGC:1]]
[2019.05.14-02.34.52:700][  0]LogConfig: Setting CVar [[gc.TimeBetweenPurgingPendingKillObjects:61.1]]
[2019.05.14-02.34.52:700][  0]LogConfig: Setting CVar [[gc.MaxObjectsInEditor:8388607]]
[2019.05.14-02.34.52:700][  0]LogConfig: Setting CVar [[gc.IncrementalBeginDestroyEnabled:1]]
[2019.05.14-02.34.52:701][  0]LogConfig: Setting CVar [[gc.CreateGCClusters:1]]
[2019.05.14-02.34.52:701][  0]LogConfig: Setting CVar [[gc.MergeGCClusters:0]]
[2019.05.14-02.34.52:701][  0]LogConfig: Setting CVar [[gc.MinGCClusterSize:5]]
[2019.05.14-02.34.52:701][  0]LogConfig: Setting CVar [[gc.ActorClusteringEnabled:0]]
[2019.05.14-02.34.52:701][  0]LogConfig: Setting CVar [[gc.BlueprintClusteringEnabled:0]]
[2019.05.14-02.34.52:701][  0]LogConfig: Setting CVar [[gc.UseDisregardForGCOnDedicatedServers:0]]
[2019.05.14-02.34.52:701][  0]LogConfig: Applying CVar settings from Section [/Script/Engine.NetworkSettings] File [D:/githubproject/unrealproject/Saved/Config/Windows/Engine.ini]
[2019.05.14-02.34.52:701][  0]LogConfig: Applying CVar settings from Section [/Script/UnrealEd.CookerSettings] File [D:/githubproject/unrealproject/Saved/Config/Windows/Engine.ini]
[2019.05.14-02.34.52:710][  0]LogConfig: Applying CVar settings from Section [ViewDistanceQuality@3] File [D:/githubproject/unrealproject/Saved/Config/Windows/Scalability.ini]
[2019.05.14-02.34.52:710][  0]LogConfig: Setting CVar [[r.SkeletalMeshLODBias:0]]
[2019.05.14-02.34.52:710][  0]LogConfig: Setting CVar [[r.ViewDistanceScale:1.0]]
[2019.05.14-02.34.52:710][  0]LogConfig: Applying CVar settings from Section [AntiAliasingQuality@3] File [D:/githubproject/unrealproject/Saved/Config/Windows/Scalability.ini]
[2019.05.14-02.34.52:710][  0]LogConfig: Setting CVar [[r.PostProcessAAQuality:4]]
[2019.05.14-02.34.52:710][  0]LogConfig: Applying CVar settings from Section [ShadowQuality@3] File [D:/githubproject/unrealproject/Saved/Config/Windows/Scalability.ini]
[2019.05.14-02.34.52:710][  0]LogConfig: Setting CVar [[r.LightFunctionQuality:1]]
[2019.05.14-02.34.52:710][  0]LogConfig: Setting CVar [[r.ShadowQuality:5]]
[2019.05.14-02.34.52:710][  0]LogConfig: Setting CVar [[r.Shadow.CSM.MaxCascades:10]]
[2019.05.14-02.34.52:710][  0]LogConfig: Setting CVar [[r.Shadow.MaxResolution:2048]]
[2019.05.14-02.34.52:710][  0]LogConfig: Setting CVar [[r.Shadow.MaxCSMResolution:2048]]
[2019.05.14-02.34.52:710][  0]LogConfig: Setting CVar [[r.Shadow.RadiusThreshold:0.01]]
[2019.05.14-02.34.52:710][  0]LogConfig: Setting CVar [[r.Shadow.DistanceScale:1.0]]
[2019.05.14-02.34.52:710][  0]LogConfig: Setting CVar [[r.Shadow.CSM.TransitionScale:1.0]]
[2019.05.14-02.34.52:711][  0]LogConfig: Setting CVar [[r.Shadow.PreShadowResolutionFactor:1.0]]
[2019.05.14-02.34.52:711][  0]LogConfig: Setting CVar [[r.DistanceFieldShadowing:1]]
[2019.05.14-02.34.52:711][  0]LogConfig: Setting CVar [[r.DistanceFieldAO:1]]
[2019.05.14-02.34.52:711][  0]LogConfig: Setting CVar [[r.AOQuality:2]]
[2019.05.14-02.34.52:711][  0]LogConfig: Setting CVar [[r.VolumetricFog:1]]
[2019.05.14-02.34.52:711][  0]LogConfig: Setting CVar [[r.VolumetricFog.GridPixelSize:8]]
[2019.05.14-02.34.52:711][  0]LogConfig: Setting CVar [[r.VolumetricFog.GridSizeZ:128]]
[2019.05.14-02.34.52:711][  0]LogConfig: Setting CVar [[r.VolumetricFog.HistoryMissSupersampleCount:4]]
[2019.05.14-02.34.52:711][  0]LogConfig: Setting CVar [[r.LightMaxDrawDistanceScale:1]]
[2019.05.14-02.34.52:711][  0]LogConfig: Setting CVar [[r.CapsuleShadows:1]]
[2019.05.14-02.34.52:711][  0]LogConfig: Applying CVar settings from Section [PostProcessQuality@3] File [D:/githubproject/unrealproject/Saved/Config/Windows/Scalability.ini]
[2019.05.14-02.34.52:711][  0]LogConfig: Setting CVar [[r.MotionBlurQuality:4]]
[2019.05.14-02.34.52:711][  0]LogConfig: Setting CVar [[r.AmbientOcclusionMipLevelFactor:0.4]]
[2019.05.14-02.34.52:711][  0]LogConfig: Setting CVar [[r.AmbientOcclusionMaxQuality:100]]
[2019.05.14-02.34.52:711][  0]LogConfig: Setting CVar [[r.AmbientOcclusionLevels:-1]]
[2019.05.14-02.34.52:711][  0]LogConfig: Setting CVar [[r.AmbientOcclusionRadiusScale:1.0]]
[2019.05.14-02.34.52:711][  0]LogConfig: Setting CVar [[r.DepthOfFieldQuality:2]]
[2019.05.14-02.34.52:711][  0]LogConfig: Setting CVar [[r.RenderTargetPoolMin:400]]
[2019.05.14-02.34.52:711][  0]LogConfig: Setting CVar [[r.LensFlareQuality:2]]
[2019.05.14-02.34.52:711][  0]LogConfig: Setting CVar [[r.SceneColorFringeQuality:1]]
[2019.05.14-02.34.52:711][  0]LogConfig: Setting CVar [[r.EyeAdaptationQuality:2]]
[2019.05.14-02.34.52:711][  0]LogConfig: Setting CVar [[r.BloomQuality:5]]
[2019.05.14-02.34.52:711][  0]LogConfig: Setting CVar [[r.FastBlurThreshold:100]]
[2019.05.14-02.34.52:712][  0]LogConfig: Setting CVar [[r.Upscale.Quality:3]]
[2019.05.14-02.34.52:712][  0]LogConfig: Setting CVar [[r.Tonemapper.GrainQuantization:1]]
[2019.05.14-02.34.52:712][  0]LogConfig: Setting CVar [[r.LightShaftQuality:1]]
[2019.05.14-02.34.52:712][  0]LogConfig: Setting CVar [[r.Filter.SizeScale:1]]
[2019.05.14-02.34.52:712][  0]LogConfig: Setting CVar [[r.Tonemapper.Quality:5]]
[2019.05.14-02.34.52:712][  0]LogConfig: Setting CVar [[r.DOF.Gather.AccumulatorQuality:1        ; higher gathering accumulator quality]]
[2019.05.14-02.34.52:712][  0]LogConfig: Setting CVar [[r.DOF.Gather.PostfilterMethod:1          ; Median3x3 postfilering method]]
[2019.05.14-02.34.52:712][  0]LogConfig: Setting CVar [[r.DOF.Gather.EnableBokehSettings:0       ; no bokeh simulation when gathering]]
[2019.05.14-02.34.52:712][  0]LogConfig: Setting CVar [[r.DOF.Gather.RingCount:4                 ; medium number of samples when gathering]]
[2019.05.14-02.34.52:712][  0]LogConfig: Setting CVar [[r.DOF.Scatter.ForegroundCompositing:1    ; additive foreground scattering]]
[2019.05.14-02.34.52:712][  0]LogConfig: Setting CVar [[r.DOF.Scatter.BackgroundCompositing:2    ; additive background scattering]]
[2019.05.14-02.34.52:712][  0]LogConfig: Setting CVar [[r.DOF.Scatter.EnableBokehSettings:1      ; bokeh simulation when scattering]]
[2019.05.14-02.34.52:712][  0]LogConfig: Setting CVar [[r.DOF.Scatter.MaxSpriteRatio:0.1         ; only a maximum of 10% of scattered bokeh]]
[2019.05.14-02.34.52:712][  0]LogConfig: Setting CVar [[r.DOF.Recombine.Quality:1                ; cheap slight out of focus]]
[2019.05.14-02.34.52:712][  0]LogConfig: Setting CVar [[r.DOF.Recombine.EnableBokehSettings:0    ; no bokeh simulation on slight out of focus]]
[2019.05.14-02.34.52:712][  0]LogConfig: Setting CVar [[r.DOF.TemporalAAQuality:1                ; more stable temporal accumulation]]
[2019.05.14-02.34.52:712][  0]LogConfig: Setting CVar [[r.DOF.Kernel.MaxForegroundRadius:0.025]]
[2019.05.14-02.34.52:712][  0]LogConfig: Setting CVar [[r.DOF.Kernel.MaxBackgroundRadius:0.025]]
[2019.05.14-02.34.52:712][  0]LogConfig: Applying CVar settings from Section [TextureQuality@3] File [D:/githubproject/unrealproject/Saved/Config/Windows/Scalability.ini]
[2019.05.14-02.34.52:712][  0]LogConfig: Setting CVar [[r.Streaming.MipBias:0]]
[2019.05.14-02.34.52:712][  0]LogConfig: Setting CVar [[r.Streaming.AmortizeCPUToGPUCopy:0]]
[2019.05.14-02.34.52:713][  0]LogConfig: Setting CVar [[r.Streaming.MaxNumTexturesToStreamPerFrame:0]]
[2019.05.14-02.34.52:713][  0]LogConfig: Setting CVar [[r.Streaming.Boost:1]]
[2019.05.14-02.34.52:713][  0]LogConfig: Setting CVar [[r.MaxAnisotropy:8]]
[2019.05.14-02.34.52:713][  0]LogConfig: Setting CVar [[r.Streaming.LimitPoolSizeToVRAM:0]]
[2019.05.14-02.34.52:713][  0]LogConfig: Setting CVar [[r.Streaming.PoolSize:1000]]
[2019.05.14-02.34.52:713][  0]LogConfig: Setting CVar [[r.Streaming.MaxEffectiveScreenSize:0]]
[2019.05.14-02.34.52:713][  0]LogConfig: Applying CVar settings from Section [EffectsQuality@3] File [D:/githubproject/unrealproject/Saved/Config/Windows/Scalability.ini]
[2019.05.14-02.34.52:713][  0]LogConfig: Setting CVar [[r.TranslucencyLightingVolumeDim:64]]
[2019.05.14-02.34.52:713][  0]LogConfig: Setting CVar [[r.RefractionQuality:2]]
[2019.05.14-02.34.52:713][  0]LogConfig: Setting CVar [[r.SSR.Quality:3]]
[2019.05.14-02.34.52:713][  0]LogConfig: Setting CVar [[r.SceneColorFormat:4]]
[2019.05.14-02.34.52:713][  0]LogConfig: Setting CVar [[r.DetailMode:2]]
[2019.05.14-02.34.52:713][  0]LogConfig: Setting CVar [[r.TranslucencyVolumeBlur:1]]
[2019.05.14-02.34.52:713][  0]LogConfig: Setting CVar [[r.MaterialQualityLevel:1 ; High quality]]
[2019.05.14-02.34.52:713][  0]LogConfig: Setting CVar [[r.SSS.Scale:1]]
[2019.05.14-02.34.52:713][  0]LogConfig: Setting CVar [[r.SSS.SampleSet:2]]
[2019.05.14-02.34.52:713][  0]LogConfig: Setting CVar [[r.SSS.Quality:1]]
[2019.05.14-02.34.52:713][  0]LogConfig: Setting CVar [[r.SSS.HalfRes:1]]
[2019.05.14-02.34.52:713][  0]LogConfig: Setting CVar [[r.EmitterSpawnRateScale:1.0]]
[2019.05.14-02.34.52:713][  0]LogConfig: Setting CVar [[r.ParticleLightQuality:2]]
[2019.05.14-02.34.52:713][  0]LogConfig: Applying CVar settings from Section [FoliageQuality@3] File [D:/githubproject/unrealproject/Saved/Config/Windows/Scalability.ini]
[2019.05.14-02.34.52:713][  0]LogConfig: Setting CVar [[foliage.DensityScale:1.0]]
[2019.05.14-02.34.52:713][  0]LogConfig: Setting CVar [[grass.DensityScale:1.0]]
[2019.05.14-02.34.52:714][  0]LogInit: Selected Device Profile: [Windows]
[2019.05.14-02.34.52:714][  0]LogInit: Applying CVar settings loaded from the selected device profile: [Windows]
[2019.05.14-02.34.52:749][  0]LogHAL: Display: Platform has ~ 16 GB [17047015424 / 17179869184 / 16], which maps to Larger [LargestMinGB=32, LargerMinGB=12, DefaultMinGB=8, SmallerMinGB=6, SmallestMinGB=0)
[2019.05.14-02.34.52:749][  0]LogConfig: Setting CVar [[r.Vulkan.UseRealUBs:1]]
[2019.05.14-02.34.52:749][  0]LogInit: Going up to parent DeviceProfile []
[2019.05.14-02.34.52:749][  0]LogConfig: Applying CVar settings from Section [ViewDistanceQuality@3] File [D:/githubproject/unrealproject/Saved/Config/Windows/Scalability.ini]
[2019.05.14-02.34.52:749][  0]LogConfig: Setting CVar [[r.SkeletalMeshLODBias:0]]
[2019.05.14-02.34.52:749][  0]LogConfig: Setting CVar [[r.ViewDistanceScale:1.0]]
[2019.05.14-02.34.52:749][  0]LogConfig: Applying CVar settings from Section [AntiAliasingQuality@3] File [D:/githubproject/unrealproject/Saved/Config/Windows/Scalability.ini]
[2019.05.14-02.34.52:749][  0]LogConfig: Setting CVar [[r.PostProcessAAQuality:4]]
[2019.05.14-02.34.52:749][  0]LogConfig: Applying CVar settings from Section [ShadowQuality@3] File [D:/githubproject/unrealproject/Saved/Config/Windows/Scalability.ini]
[2019.05.14-02.34.52:749][  0]LogConfig: Setting CVar [[r.LightFunctionQuality:1]]
[2019.05.14-02.34.52:749][  0]LogConfig: Setting CVar [[r.ShadowQuality:5]]
[2019.05.14-02.34.52:750][  0]LogConfig: Setting CVar [[r.Shadow.CSM.MaxCascades:10]]
[2019.05.14-02.34.52:750][  0]LogConfig: Setting CVar [[r.Shadow.MaxResolution:2048]]
[2019.05.14-02.34.52:750][  0]LogConfig: Setting CVar [[r.Shadow.MaxCSMResolution:2048]]
[2019.05.14-02.34.52:750][  0]LogConfig: Setting CVar [[r.Shadow.RadiusThreshold:0.01]]
[2019.05.14-02.34.52:750][  0]LogConfig: Setting CVar [[r.Shadow.DistanceScale:1.0]]
[2019.05.14-02.34.52:750][  0]LogConfig: Setting CVar [[r.Shadow.CSM.TransitionScale:1.0]]
[2019.05.14-02.34.52:750][  0]LogConfig: Setting CVar [[r.Shadow.PreShadowResolutionFactor:1.0]]
[2019.05.14-02.34.52:750][  0]LogConfig: Setting CVar [[r.DistanceFieldShadowing:1]]
[2019.05.14-02.34.52:750][  0]LogConfig: Setting CVar [[r.DistanceFieldAO:1]]
[2019.05.14-02.34.52:750][  0]LogConfig: Setting CVar [[r.AOQuality:2]]
[2019.05.14-02.34.52:750][  0]LogConfig: Setting CVar [[r.VolumetricFog:1]]
[2019.05.14-02.34.52:750][  0]LogConfig: Setting CVar [[r.VolumetricFog.GridPixelSize:8]]
[2019.05.14-02.34.52:750][  0]LogConfig: Setting CVar [[r.VolumetricFog.GridSizeZ:128]]
[2019.05.14-02.34.52:750][  0]LogConfig: Setting CVar [[r.VolumetricFog.HistoryMissSupersampleCount:4]]
[2019.05.14-02.34.52:750][  0]LogConfig: Setting CVar [[r.LightMaxDrawDistanceScale:1]]
[2019.05.14-02.34.52:750][  0]LogConfig: Setting CVar [[r.CapsuleShadows:1]]
[2019.05.14-02.34.52:750][  0]LogConfig: Applying CVar settings from Section [PostProcessQuality@3] File [D:/githubproject/unrealproject/Saved/Config/Windows/Scalability.ini]
[2019.05.14-02.34.52:750][  0]LogConfig: Setting CVar [[r.MotionBlurQuality:4]]
[2019.05.14-02.34.52:750][  0]LogConfig: Setting CVar [[r.AmbientOcclusionMipLevelFactor:0.4]]
[2019.05.14-02.34.52:750][  0]LogConfig: Setting CVar [[r.AmbientOcclusionMaxQuality:100]]
[2019.05.14-02.34.52:750][  0]LogConfig: Setting CVar [[r.AmbientOcclusionLevels:-1]]
[2019.05.14-02.34.52:750][  0]LogConfig: Setting CVar [[r.AmbientOcclusionRadiusScale:1.0]]
[2019.05.14-02.34.52:751][  0]LogConfig: Setting CVar [[r.DepthOfFieldQuality:2]]
[2019.05.14-02.34.52:751][  0]LogConfig: Setting CVar [[r.RenderTargetPoolMin:400]]
[2019.05.14-02.34.52:751][  0]LogConfig: Setting CVar [[r.LensFlareQuality:2]]
[2019.05.14-02.34.52:751][  0]LogConfig: Setting CVar [[r.SceneColorFringeQuality:1]]
[2019.05.14-02.34.52:751][  0]LogConfig: Setting CVar [[r.EyeAdaptationQuality:2]]
[2019.05.14-02.34.52:751][  0]LogConfig: Setting CVar [[r.BloomQuality:5]]
[2019.05.14-02.34.52:751][  0]LogConfig: Setting CVar [[r.FastBlurThreshold:100]]
[2019.05.14-02.34.52:751][  0]LogConfig: Setting CVar [[r.Upscale.Quality:3]]
[2019.05.14-02.34.52:751][  0]LogConfig: Setting CVar [[r.Tonemapper.GrainQuantization:1]]
[2019.05.14-02.34.52:751][  0]LogConfig: Setting CVar [[r.LightShaftQuality:1]]
[2019.05.14-02.34.52:751][  0]LogConfig: Setting CVar [[r.Filter.SizeScale:1]]
[2019.05.14-02.34.52:751][  0]LogConfig: Setting CVar [[r.Tonemapper.Quality:5]]
[2019.05.14-02.34.52:751][  0]LogConfig: Setting CVar [[r.DOF.Gather.AccumulatorQuality:1        ; higher gathering accumulator quality]]
[2019.05.14-02.34.52:751][  0]LogConfig: Setting CVar [[r.DOF.Gather.PostfilterMethod:1          ; Median3x3 postfilering method]]
[2019.05.14-02.34.52:751][  0]LogConfig: Setting CVar [[r.DOF.Gather.EnableBokehSettings:0       ; no bokeh simulation when gathering]]
[2019.05.14-02.34.52:751][  0]LogConfig: Setting CVar [[r.DOF.Gather.RingCount:4                 ; medium number of samples when gathering]]
[2019.05.14-02.34.52:751][  0]LogConfig: Setting CVar [[r.DOF.Scatter.ForegroundCompositing:1    ; additive foreground scattering]]
[2019.05.14-02.34.52:751][  0]LogConfig: Setting CVar [[r.DOF.Scatter.BackgroundCompositing:2    ; additive background scattering]]
[2019.05.14-02.34.52:751][  0]LogConfig: Setting CVar [[r.DOF.Scatter.EnableBokehSettings:1      ; bokeh simulation when scattering]]
[2019.05.14-02.34.52:751][  0]LogConfig: Setting CVar [[r.DOF.Scatter.MaxSpriteRatio:0.1         ; only a maximum of 10% of scattered bokeh]]
[2019.05.14-02.34.52:751][  0]LogConfig: Setting CVar [[r.DOF.Recombine.Quality:1                ; cheap slight out of focus]]
[2019.05.14-02.34.52:752][  0]LogConfig: Setting CVar [[r.DOF.Recombine.EnableBokehSettings:0    ; no bokeh simulation on slight out of focus]]
[2019.05.14-02.34.52:752][  0]LogConfig: Setting CVar [[r.DOF.TemporalAAQuality:1                ; more stable temporal accumulation]]
[2019.05.14-02.34.52:752][  0]LogConfig: Setting CVar [[r.DOF.Kernel.MaxForegroundRadius:0.025]]
[2019.05.14-02.34.52:752][  0]LogConfig: Setting CVar [[r.DOF.Kernel.MaxBackgroundRadius:0.025]]
[2019.05.14-02.34.52:752][  0]LogConfig: Applying CVar settings from Section [TextureQuality@3] File [D:/githubproject/unrealproject/Saved/Config/Windows/Scalability.ini]
[2019.05.14-02.34.52:752][  0]LogConfig: Setting CVar [[r.Streaming.MipBias:0]]
[2019.05.14-02.34.52:752][  0]LogConfig: Setting CVar [[r.Streaming.AmortizeCPUToGPUCopy:0]]
[2019.05.14-02.34.52:752][  0]LogConfig: Setting CVar [[r.Streaming.MaxNumTexturesToStreamPerFrame:0]]
[2019.05.14-02.34.52:752][  0]LogConfig: Setting CVar [[r.Streaming.Boost:1]]
[2019.05.14-02.34.52:752][  0]LogConfig: Setting CVar [[r.MaxAnisotropy:8]]
[2019.05.14-02.34.52:752][  0]LogConfig: Setting CVar [[r.Streaming.LimitPoolSizeToVRAM:0]]
[2019.05.14-02.34.52:752][  0]LogConfig: Setting CVar [[r.Streaming.PoolSize:1000]]
[2019.05.14-02.34.52:752][  0]LogConfig: Setting CVar [[r.Streaming.MaxEffectiveScreenSize:0]]
[2019.05.14-02.34.52:752][  0]LogConfig: Applying CVar settings from Section [EffectsQuality@3] File [D:/githubproject/unrealproject/Saved/Config/Windows/Scalability.ini]
[2019.05.14-02.34.52:752][  0]LogConfig: Setting CVar [[r.TranslucencyLightingVolumeDim:64]]
[2019.05.14-02.34.52:752][  0]LogConfig: Setting CVar [[r.RefractionQuality:2]]
[2019.05.14-02.34.52:752][  0]LogConfig: Setting CVar [[r.SSR.Quality:3]]
[2019.05.14-02.34.52:752][  0]LogConfig: Setting CVar [[r.SceneColorFormat:4]]
[2019.05.14-02.34.52:752][  0]LogConfig: Setting CVar [[r.DetailMode:2]]
[2019.05.14-02.34.52:752][  0]LogConfig: Setting CVar [[r.TranslucencyVolumeBlur:1]]
[2019.05.14-02.34.52:752][  0]LogConfig: Setting CVar [[r.MaterialQualityLevel:1 ; High quality]]
[2019.05.14-02.34.52:753][  0]LogConfig: Setting CVar [[r.SSS.Scale:1]]
[2019.05.14-02.34.52:753][  0]LogConfig: Setting CVar [[r.SSS.SampleSet:2]]
[2019.05.14-02.34.52:753][  0]LogConfig: Setting CVar [[r.SSS.Quality:1]]
[2019.05.14-02.34.52:753][  0]LogConfig: Setting CVar [[r.SSS.HalfRes:1]]
[2019.05.14-02.34.52:753][  0]LogConfig: Setting CVar [[r.EmitterSpawnRateScale:1.0]]
[2019.05.14-02.34.52:753][  0]LogConfig: Setting CVar [[r.ParticleLightQuality:2]]
[2019.05.14-02.34.52:753][  0]LogConfig: Applying CVar settings from Section [FoliageQuality@3] File [D:/githubproject/unrealproject/Saved/Config/Windows/Scalability.ini]
[2019.05.14-02.34.52:753][  0]LogConfig: Setting CVar [[foliage.DensityScale:1.0]]
[2019.05.14-02.34.52:753][  0]LogConfig: Setting CVar [[grass.DensityScale:1.0]]
[2019.05.14-02.34.52:753][  0]LogConfig: Applying CVar settings from Section [Startup] File [../../../Engine/Config/ConsoleVariables.ini]
[2019.05.14-02.34.52:753][  0]LogConfig: Setting CVar [[net.UseAdaptiveNetUpdateFrequency:0]]
[2019.05.14-02.34.52:754][  0]LogConfig: Applying CVar settings from Section [ConsoleVariables] File [D:/githubproject/unrealproject/Saved/Config/Windows/Engine.ini]
[2019.05.14-02.34.52:754][  0]LogInit: Computer: LAPTOP-67CB7SHE
[2019.05.14-02.34.52:754][  0]LogInit: User: tombe
[2019.05.14-02.34.52:754][  0]LogInit: CPU Page size=4096, Cores=6
[2019.05.14-02.34.52:754][  0]LogInit: High frequency timer resolution =2.156249 MHz
[2019.05.14-02.34.52:755][  0]LogMemory: Memory total: Physical=15.9GB (16GB approx)
[2019.05.14-02.34.52:755][  0]LogMemory: Platform Memory Stats for Windows
[2019.05.14-02.34.52:755][  0]LogMemory: Process Physical Memory: 103.39 MB used, 103.39 MB peak
[2019.05.14-02.34.52:755][  0]LogMemory: Process Virtual Memory: 86.23 MB used, 86.23 MB peak
[2019.05.14-02.34.52:755][  0]LogMemory: Physical Memory: 4618.55 MB used,  11638.75 MB free, 16257.30 MB total
[2019.05.14-02.34.52:755][  0]LogMemory: Virtual Memory: 4660.22 MB used,  134213064.00 MB free, 134217728.00 MB total
[2019.05.14-02.34.52:820][  0]LogInit: Using OS detected language (en-US).
[2019.05.14-02.34.52:820][  0]LogInit: Using OS detected locale (en-AU).
[2019.05.14-02.34.52:822][  0]LogTextLocalizationManager: No specific localization for 'en-US' exists, so the 'en' localization will be used.
[2019.05.14-02.34.53:206][  0]LogStreaming: Display: Took  0.386s to InitEngineTextLocalization.
[2019.05.14-02.34.53:206][  0]LogInit: Setting process to per monitor DPI aware
[2019.05.14-02.34.53:230][  0]LogSlate: New Slate User Created.  User Index 0, Is Virtual User: 0
[2019.05.14-02.34.53:230][  0]LogSlate: Slate User Registered.  User Index 0, Is Virtual User: 0
[2019.05.14-02.34.59:511][  0]LogHMD: Failed to initialize OpenVR with code 108
[2019.05.14-02.34.59:511][  0]LogD3D11RHI: D3D11 adapters:
[2019.05.14-02.34.59:640][  0]LogD3D11RHI:    0. 'NVIDIA GeForce GTX 1050' (Feature Level 11_0)
[2019.05.14-02.34.59:640][  0]LogD3D11RHI:       4019/0/8128 MB DedicatedVideo/DedicatedSystem/SharedSystem, Outputs:1, VendorId:0x10de
[2019.05.14-02.34.59:669][  0]LogD3D11RHI:    1. 'Intel(R) UHD Graphics 630' (Feature Level 11_0)
[2019.05.14-02.34.59:670][  0]LogD3D11RHI:       128/0/8128 MB DedicatedVideo/DedicatedSystem/SharedSystem, Outputs:0, VendorId:0x8086
[2019.05.14-02.34.59:676][  0]LogD3D11RHI:    2. 'Microsoft Basic Render Driver' (Feature Level 11_0)
[2019.05.14-02.34.59:676][  0]LogD3D11RHI:       0/0/8128 MB DedicatedVideo/DedicatedSystem/SharedSystem, Outputs:0, VendorId:0x1414
[2019.05.14-02.34.59:676][  0]LogD3D11RHI: Chosen D3D11 Adapter: 0
[2019.05.14-02.34.59:753][  0]LogD3D11RHI: Creating new Direct3DDevice
[2019.05.14-02.34.59:753][  0]LogD3D11RHI:     GPU DeviceId: 0x1c8d (for the marketing name, search the web for "GPU Device Id")
[2019.05.14-02.34.59:753][  0]LogWindows: EnumDisplayDevices:
[2019.05.14-02.34.59:754][  0]LogWindows:    0. 'Intel(R) UHD Graphics 630' (P:1 D:1)
[2019.05.14-02.34.59:754][  0]LogWindows:    1. 'Intel(R) UHD Graphics 630' (P:0 D:0)
[2019.05.14-02.34.59:755][  0]LogWindows:    2. 'Intel(R) UHD Graphics 630' (P:0 D:0)
[2019.05.14-02.34.59:756][  0]LogWindows:    3. 'NVIDIA GeForce GTX 1050' (P:0 D:0)
[2019.05.14-02.34.59:756][  0]LogWindows:    4. 'NVIDIA GeForce GTX 1050' (P:0 D:0)
[2019.05.14-02.34.59:756][  0]LogWindows:    5. 'NVIDIA GeForce GTX 1050' (P:0 D:0)
[2019.05.14-02.34.59:757][  0]LogWindows:    6. 'NVIDIA GeForce GTX 1050' (P:0 D:0)
[2019.05.14-02.34.59:757][  0]LogWindows: DebugString: PrimaryIsNotTheChoosenAdapter PrimaryIsNotTheChoosenAdapter PrimaryIsNotTheChoosenAdapter FoundDriverCount:4 
[2019.05.14-02.34.59:757][  0]LogD3D11RHI:     Adapter Name: NVIDIA GeForce GTX 1050
[2019.05.14-02.34.59:757][  0]LogD3D11RHI:   Driver Version: 425.31 (internal:25.21.14.2531, unified:425.31)
[2019.05.14-02.34.59:757][  0]LogD3D11RHI:      Driver Date: 4-9-2019
[2019.05.14-02.34.59:757][  0]LogRHI: Texture pool is 2813 MB (70% of 4019 MB)
[2019.05.14-02.34.59:800][  0]LogD3D11RHI: Async texture creation enabled
[2019.05.14-02.34.59:828][  0]LogD3D11RHI: GPU Timing Frequency: 1000.000000 (Debug: 2 1)
[2019.05.14-02.35.00:123][  0]LogTemp: Display: Loaded TP AllDesktopTargetPlatform
[2019.05.14-02.35.00:133][  0]LogTemp: Display: Loaded TP MacClientTargetPlatform
[2019.05.14-02.35.00:143][  0]LogTemp: Display: Loaded TP MacNoEditorTargetPlatform
[2019.05.14-02.35.00:153][  0]LogTemp: Display: Loaded TP MacServerTargetPlatform
[2019.05.14-02.35.00:163][  0]LogTemp: Display: Loaded TP MacTargetPlatform
[2019.05.14-02.35.00:174][  0]LogTemp: Display: Loaded TP WindowsClientTargetPlatform
[2019.05.14-02.35.00:184][  0]LogTemp: Display: Loaded TP WindowsNoEditorTargetPlatform
[2019.05.14-02.35.00:194][  0]LogTemp: Display: Loaded TP WindowsServerTargetPlatform
[2019.05.14-02.35.00:199][  0]LogTemp: Display: Loaded TP WindowsTargetPlatform
[2019.05.14-02.35.00:283][  0]LogTemp: Display: Loaded TP AndroidTargetPlatform
[2019.05.14-02.35.00:283][  0]LogTemp: Display: Loaded TP AndroidTargetPlatform
[2019.05.14-02.35.00:283][  0]LogTemp: Display: Loaded TP AndroidTargetPlatform
[2019.05.14-02.35.00:283][  0]LogTemp: Display: Loaded TP AndroidTargetPlatform
[2019.05.14-02.35.00:284][  0]LogTemp: Display: Loaded TP AndroidTargetPlatform
[2019.05.14-02.35.00:284][  0]LogTemp: Display: Loaded TP AndroidTargetPlatform
[2019.05.14-02.35.00:284][  0]LogTemp: Display: Loaded TP AndroidTargetPlatform
[2019.05.14-02.35.00:284][  0]LogTemp: Display: Loaded TP AndroidTargetPlatform
[2019.05.14-02.35.00:284][  0]LogTemp: Display: Loaded TP AndroidTargetPlatform
[2019.05.14-02.35.00:284][  0]LogTemp: Display: Loaded TP AndroidTargetPlatform
[2019.05.14-02.35.00:284][  0]LogTemp: Display: Loaded TP AndroidTargetPlatform
[2019.05.14-02.35.00:284][  0]LogTemp: Display: Loaded TP AndroidTargetPlatform
[2019.05.14-02.35.00:284][  0]LogTemp: Display: Loaded TP AndroidTargetPlatform
[2019.05.14-02.35.00:284][  0]LogTemp: Display: Loaded TP AndroidTargetPlatform
[2019.05.14-02.35.00:284][  0]LogTemp: Display: Loaded TP AndroidTargetPlatform
[2019.05.14-02.35.00:284][  0]LogTemp: Display: Loaded TP AndroidTargetPlatform
[2019.05.14-02.35.00:284][  0]LogTemp: Display: Loaded TP AndroidTargetPlatform
[2019.05.14-02.35.00:284][  0]LogTemp: Display: Loaded TP AndroidTargetPlatform
[2019.05.14-02.35.00:287][  0]LogTemp: Display: Loaded TP HTML5TargetPlatform
[2019.05.14-02.35.00:352][  0]LogTemp: Display: Loaded TP IOSTargetPlatform
[2019.05.14-02.35.00:352][  0]LogTemp: Display: Loaded TP IOSTargetPlatform
[2019.05.14-02.35.00:370][  0]LogTemp: Display: Loaded TP TVOSTargetPlatform
[2019.05.14-02.35.00:370][  0]LogTemp: Display: Loaded TP TVOSTargetPlatform
[2019.05.14-02.35.00:389][  0]LogTemp: Display: Loaded TP LinuxClientTargetPlatform
[2019.05.14-02.35.00:399][  0]LogTemp: Display: Loaded TP LinuxNoEditorTargetPlatform
[2019.05.14-02.35.00:408][  0]LogTemp: Display: Loaded TP LinuxServerTargetPlatform
[2019.05.14-02.35.00:418][  0]LogTemp: Display: Loaded TP LinuxTargetPlatform
[2019.05.14-02.35.00:463][  0]LogTemp: Display: Loaded TP LuminTargetPlatform
[2019.05.14-02.35.00:463][  0]LogTemp: Display: Loaded TP LuminTargetPlatform
[2019.05.14-02.35.00:464][  0]LogTargetPlatformManager: Display: Building Assets For Windows
[2019.05.14-02.35.00:510][  0]LogShaderCompilers: Guid format shader working directory is 7 characters bigger than the processId version (../../../../githubproject/unrealproject/Intermediate/Shaders/WorkingDirectory/8908/).
[2019.05.14-02.35.00:510][  0]LogShaderCompilers: Cleaned the shader compiler working directory 'C:/Users/tombe/AppData/Local/Temp/UnrealShaderWorkingDir/DF786B0F4E5E7E210F1CD7AC7F217BE2/'.
[2019.05.14-02.35.00:511][  0]LogXGEController: Cleaning working directory: C:/Users/tombe/AppData/Local/Temp/UnrealXGEWorkingDir/
[2019.05.14-02.35.00:511][  0]LogXGEController: Cannot use XGE Controller as Incredibuild is not installed on this machine.
[2019.05.14-02.35.00:511][  0]LogShaderCompilers: Cannot use XGE Shader Compiler as Incredibuild is not installed on this machine.
[2019.05.14-02.35.00:511][  0]LogShaderCompilers: Display: Using Local Shader Compiler.
[2019.05.14-02.35.00:973][  0]LogDerivedDataCache: Display: Max Cache Size: 512 MB
[2019.05.14-02.35.01:019][  0]LogDerivedDataCache: Loaded boot cache 0.05s 72MB C:/Users/tombe/AppData/Local/UnrealEngine/4.21/DerivedDataCache/Boot.ddc.
[2019.05.14-02.35.01:019][  0]LogDerivedDataCache: Display: Loaded Boot cache: C:/Users/tombe/AppData/Local/UnrealEngine/4.21/DerivedDataCache/Boot.ddc
[2019.05.14-02.35.01:019][  0]LogDerivedDataCache: FDerivedDataBackendGraph:  Pak pak cache file ../../../../githubproject/unrealproject/DerivedDataCache/DDC.ddp not found, will not use a pak cache.
[2019.05.14-02.35.01:019][  0]LogDerivedDataCache: Unable to find inner node Pak for hierarchical cache Hierarchy.
[2019.05.14-02.35.01:019][  0]LogDerivedDataCache: FDerivedDataBackendGraph:  CompressedPak pak cache file ../../../../githubproject/unrealproject/DerivedDataCache/Compressed.ddp not found, will not use a pak cache.
[2019.05.14-02.35.01:019][  0]LogDerivedDataCache: Unable to find inner node CompressedPak for hierarchical cache Hierarchy.
[2019.05.14-02.35.01:043][  0]LogDerivedDataCache: Display: Pak cache opened for reading ../../../Engine/DerivedDataCache/Compressed.ddp.
[2019.05.14-02.35.01:043][  0]LogDerivedDataCache: FDerivedDataBackendGraph:  EnterprisePak pak cache file ../../../Enterprise/DerivedDataCache/Compressed.ddp not found, will not use a pak cache.
[2019.05.14-02.35.01:043][  0]LogDerivedDataCache: Unable to find inner node EnterprisePak for hierarchical cache Hierarchy.
[2019.05.14-02.35.01:054][  0]LogDerivedDataCache: Using Local data cache path C:/Users/tombe/AppData/Local/UnrealEngine/Common/DerivedDataCache: Writable
[2019.05.14-02.35.01:054][  0]LogDerivedDataCache: Shared data cache path not found in *engine.ini, will not use an Shared cache.
[2019.05.14-02.35.01:054][  0]LogDerivedDataCache: Unable to find inner node Shared for hierarchical cache Hierarchy.
[2019.05.14-02.35.01:083][  0]LogMaterial: Verifying Global Shaders for PCD3D_SM5
[2019.05.14-02.35.01:085][  0]LogSlate: Using FreeType 2.6.0
[2019.05.14-02.35.01:085][  0]LogSlate: SlateFontServices - WITH_FREETYPE: 1, WITH_HARFBUZZ: 1
[2019.05.14-02.35.01:159][  0]LogAssetRegistry: FAssetRegistry took 0.0313 seconds to start up
[2019.05.14-02.35.01:402][  0]LogInit: Selected Device Profile: [Windows]
[2019.05.14-02.35.01:518][  0]LogSimplygon: Simplygon DLL not present - disabling.
[2019.05.14-02.35.01:521][  0]LogMeshReduction: Using SimplygonSwarm for distributed automatic mesh merging
[2019.05.14-02.35.01:521][  0]LogMeshReduction: Using ProxyLODMeshReduction for automatic mesh merging
[2019.05.14-02.35.01:521][  0]LogMeshReduction: Using QuadricMeshReduction for automatic static mesh reduction
[2019.05.14-02.35.01:521][  0]LogMeshReduction: No automatic skeletal mesh reduction module available
[2019.05.14-02.35.01:533][  0]LogNetVersion: unrealproject 1.0.0, NetCL: 4541578, EngineNetVer: 5, GameNetVer: 0 (Checksum: 525726521)
[2019.05.14-02.35.01:921][  0]LogPackageLocalizationCache: Processed 11 localized package path(s) for 2 prioritized culture(s) in 0.061341 seconds
[2019.05.14-02.35.01:926][  0]LogUObjectArray: 39775 objects as part of root set at end of initial load.
[2019.05.14-02.35.01:926][  0]LogUObjectAllocator: 6914656 out of 0 bytes used by permanent object pool.
[2019.05.14-02.35.01:926][  0]LogUObjectArray: CloseDisregardForGC: 0/0 objects in disregard for GC pool
[2019.05.14-02.35.02:805][  0]LogTcpMessaging: Initializing TcpMessaging bridge
[2019.05.14-02.35.02:818][  0]LogUdpMessaging: Initializing bridge on interface 0.0.0.0:0 to multicast group 230.0.0.1:6666.
[2019.05.14-02.35.03:370][  0]SourceControl: Source control is disabled
[2019.05.14-02.35.03:370][  0]SourceControl: Source control is disabled
[2019.05.14-02.35.03:371][  0]SourceControl: Source control is disabled
[2019.05.14-02.35.03:372][  0]SourceControl: Source control is disabled
[2019.05.14-02.35.03:568][  0]LogAndroidPermission: UAndroidPermissionCallbackProxy::GetInstance
[2019.05.14-02.35.03:604][  0]LogOcInput: OculusInput pre-init called
[2019.05.14-02.35.03:727][  0]LogEngine: Initializing Engine...
[2019.05.14-02.35.03:755][  0]LogHMD: Failed to initialize OpenVR with code 108
[2019.05.14-02.35.03:756][  0]LogStats: UGameplayTagsManager::ConstructGameplayTagTree: ImportINI prefixes -  0.000 s
[2019.05.14-02.35.03:756][  0]LogStats: UGameplayTagsManager::ConstructGameplayTagTree: Construct from data asset -  0.000 s
[2019.05.14-02.35.03:756][  0]LogStats: UGameplayTagsManager::ConstructGameplayTagTree: ImportINI -  0.000 s
[2019.05.14-02.35.03:756][  0]LogStats: UGameplayTagsManager::ConstructGameplayTagTree: GameplayTagTreeChangedEvent.Broadcast -  0.000 s
[2019.05.14-02.35.03:948][  0]LogInit: Initializing FReadOnlyCVARCache
[2019.05.14-02.35.03:959][  0]LogAIModule: Creating AISystem for world Untitled
[2019.05.14-02.35.03:965][  0]LogInit: XAudio2 using 'Speakers (Realtek(R) Audio)' : 2 channels at 48 kHz using 32 bits per sample (channel mask 0x3)
[2019.05.14-02.35.04:929][  0]LogInit: FAudioDevice initialized.
[2019.05.14-02.35.04:930][  0]LogNetVersion: Set ProjectVersion to 1.0.0.0. Version Checksum will be recalculated on next use.
[2019.05.14-02.35.05:020][  0]LogDerivedDataCache: Saved boot cache 0.09s 72MB C:/Users/tombe/AppData/Local/UnrealEngine/4.21/DerivedDataCache/Boot.ddc.
[2019.05.14-02.35.05:031][  0]LogInit: Texture streaming: Enabled
[2019.05.14-02.35.05:044][  0]LogEngineSessionManager: EngineSessionManager initialized
[2019.05.14-02.35.05:044][  0]LogEngineSessionManager: EngineSessionManager sent abnormal shutdown report. Type=Crashed, SessionId={7262576D-4244-A6A4-62C9-3D80F86422A8}
[2019.05.14-02.35.05:044][  0]LogEngineSessionManager: EngineSessionManager sent abnormal shutdown report. Type=Crashed, SessionId={5E2734D2-4804-B3A5-D6CA-D3ADCD896A80}
[2019.05.14-02.35.05:054][  0]LogInit: Transaction tracking system initialized
[2019.05.14-02.35.05:070][  0]BlueprintLog: New page: Editor Load
[2019.05.14-02.35.05:124][  0]LocalizationService: Localization service is disabled
[2019.05.14-02.35.05:464][  0]LogFileCache: Scanning file cache for directory 'D:/githubproject/unrealproject/Content/' took 0.01s
[2019.05.14-02.35.05:464][  0]LogCook: Display: Max memory allowance for cook 16384mb min free memory 0mb
[2019.05.14-02.35.05:464][  0]LogCook: Display: Mobile HDR setting 1
[2019.05.14-02.35.05:464][  0]LogGameplayTags: Display: UGameplayTagsManager::DoneAddingNativeTags. DelegateIsBound: 0
[2019.05.14-02.35.05:464][  0]LogStats: UGameplayTagsManager::ConstructGameplayTagTree: ImportINI prefixes -  0.000 s
[2019.05.14-02.35.05:464][  0]LogStats: UGameplayTagsManager::ConstructGameplayTagTree: Construct from data asset -  0.000 s
[2019.05.14-02.35.05:464][  0]LogStats: UGameplayTagsManager::ConstructGameplayTagTree: ImportINI -  0.000 s
[2019.05.14-02.35.05:464][  0]LogStats: UGameplayTagsManager::ConstructGameplayTagTree: GameplayTagTreeChangedEvent.Broadcast -  0.000 s
[2019.05.14-02.35.05:557][  0]SourceControl: Source control is disabled
[2019.05.14-02.35.05:558][  0]Cmd: MAP LOAD FILE="../../../Engine/Content/Maps/Templates/Template_Default.umap" TEMPLATE=1 SHOWPROGRESS=1 FEATURELEVEL=3
[2019.05.14-02.35.05:558][  0]LightingResults: New page: Lighting Build
[2019.05.14-02.35.05:560][  0]MapCheck: New page: Map Check
[2019.05.14-02.35.05:560][  0]LightingResults: New page: Lighting Build
[2019.05.14-02.35.05:695][  0]LogAIModule: Creating AISystem for world Untitled_1
[2019.05.14-02.35.05:699][  0]LogEditorServer: Finished looking for orphan Actors (0.000 secs)
[2019.05.14-02.35.05:732][  0]Cmd: MAP CHECKDEP NOCLEARLOG
[2019.05.14-02.35.05:733][  0]MapCheck: Map check complete: 0 Error(s), 0 Warning(s), took 0.104ms to complete.
[2019.05.14-02.35.05:733][  0]LogFileHelpers: Loading map 'Template_Default' took 0.175
[2019.05.14-02.35.05:816][  0]LogSlate: Updating window title bar state: overlay mode, drag disabled, window buttons hidden, title bar hidden
[2019.05.14-02.35.05:822][  0]LogSlate: Updating window title bar state: overlay mode, drag disabled, window buttons hidden, title bar hidden
[2019.05.14-02.35.05:828][  0]LogSlate: Updating window title bar state: overlay mode, drag disabled, window buttons hidden, title bar hidden
[2019.05.14-02.35.05:834][  0]LogSlate: Updating window title bar state: overlay mode, drag disabled, window buttons hidden, title bar hidden
[2019.05.14-02.35.05:838][  0]LogCollectionManager: Loaded 0 collections in 0.001224 seconds
[2019.05.14-02.35.05:853][  0]LogFileCache: Scanning file cache for directory 'D:/githubproject/unrealproject/Saved/Collections/' took 0.01s
[2019.05.14-02.35.05:853][  0]LogFileCache: Scanning file cache for directory 'D:/githubproject/unrealproject/Content/Developers/tombe/Collections/' took 0.00s
[2019.05.14-02.35.05:853][  0]LogFileCache: Scanning file cache for directory 'D:/githubproject/unrealproject/Content/Collections/' took 0.00s
[2019.05.14-02.35.05:853][  0]LogCollectionManager: Rebuilt the GUID cache for 0 collections in 0.000000 seconds
[2019.05.14-02.35.05:860][  0]LogContentBrowser: Native class hierarchy populated in 0.0070 seconds. Added 2651 classes and 620 folders.
[2019.05.14-02.35.05:866][  0]LogContentBrowser: Native class hierarchy updated for 'WidgetCarousel' in 0.0002 seconds. Added 0 classes and 0 folders.
[2019.05.14-02.35.05:867][  0]LogPakFile: Registered encryption key '00000000000000000000000000000000': 0 pak files mounted, 0 remain pending
[2019.05.14-02.35.05:868][  0]LogPakFile: Registered encryption key '00000000000000000000000000000000': 0 pak files mounted, 0 remain pending
[2019.05.14-02.35.05:868][  0]LogPakFile: Registered encryption key '00000000000000000000000000000000': 0 pak files mounted, 0 remain pending
[2019.05.14-02.35.05:868][  0]LogPakFile: Registered encryption key '00000000000000000000000000000000': 0 pak files mounted, 0 remain pending
[2019.05.14-02.35.05:868][  0]LogPakFile: Registered encryption key '00000000000000000000000000000000': 0 pak files mounted, 0 remain pending
[2019.05.14-02.35.05:869][  0]LogPakFile: Registered encryption key '00000000000000000000000000000000': 0 pak files mounted, 0 remain pending
[2019.05.14-02.35.05:869][  0]LogPakFile: Registered encryption key '00000000000000000000000000000000': 0 pak files mounted, 0 remain pending
[2019.05.14-02.35.05:869][  0]LogPakFile: Registered encryption key '00000000000000000000000000000000': 0 pak files mounted, 0 remain pending
[2019.05.14-02.35.05:870][  0]LogPakFile: Registered encryption key '00000000000000000000000000000000': 0 pak files mounted, 0 remain pending
[2019.05.14-02.35.05:870][  0]LogPakFile: Registered encryption key '00000000000000000000000000000000': 0 pak files mounted, 0 remain pending
[2019.05.14-02.35.05:870][  0]LogPakFile: Registered encryption key '00000000000000000000000000000000': 0 pak files mounted, 0 remain pending
[2019.05.14-02.35.05:871][  0]LogPakFile: Registered encryption key '00000000000000000000000000000000': 0 pak files mounted, 0 remain pending
[2019.05.14-02.35.05:871][  0]LogPakFile: Registered encryption key '00000000000000000000000000000000': 0 pak files mounted, 0 remain pending
[2019.05.14-02.35.05:871][  0]LogPakFile: Registered encryption key '00000000000000000000000000000000': 0 pak files mounted, 0 remain pending
[2019.05.14-02.35.05:872][  0]LogPakFile: Registered encryption key '00000000000000000000000000000000': 0 pak files mounted, 0 remain pending
[2019.05.14-02.35.05:872][  0]LogPakFile: Registered encryption key '00000000000000000000000000000000': 0 pak files mounted, 0 remain pending
[2019.05.14-02.35.05:872][  0]LogPakFile: Registered encryption key '00000000000000000000000000000000': 0 pak files mounted, 0 remain pending
[2019.05.14-02.35.05:873][  0]LogPakFile: Registered encryption key '00000000000000000000000000000000': 0 pak files mounted, 0 remain pending
[2019.05.14-02.35.05:873][  0]LogPakFile: Registered encryption key '00000000000000000000000000000000': 0 pak files mounted, 0 remain pending
[2019.05.14-02.35.05:873][  0]LogPakFile: Registered encryption key '00000000000000000000000000000000': 0 pak files mounted, 0 remain pending
[2019.05.14-02.35.05:874][  0]LogPakFile: Registered encryption key '00000000000000000000000000000000': 0 pak files mounted, 0 remain pending
[2019.05.14-02.35.05:874][  0]LogPakFile: Registered encryption key '00000000000000000000000000000000': 0 pak files mounted, 0 remain pending
[2019.05.14-02.35.05:874][  0]LogPakFile: Registered encryption key '00000000000000000000000000000000': 0 pak files mounted, 0 remain pending
[2019.05.14-02.35.05:875][  0]LogPakFile: Registered encryption key '00000000000000000000000000000000': 0 pak files mounted, 0 remain pending
[2019.05.14-02.35.05:875][  0]LogPakFile: Registered encryption key '00000000000000000000000000000000': 0 pak files mounted, 0 remain pending
[2019.05.14-02.35.05:875][  0]LogPakFile: Registered encryption key '00000000000000000000000000000000': 0 pak files mounted, 0 remain pending
[2019.05.14-02.35.05:896][  0]LogContentBrowser: Native class hierarchy updated for 'AddContentDialog' in 0.0002 seconds. Added 0 classes and 0 folders.
[2019.05.14-02.35.05:901][  0]LogContentBrowser: Native class hierarchy updated for 'SceneOutliner' in 0.0002 seconds. Added 1 classes and 2 folders.
[2019.05.14-02.35.05:913][  0]LogSlate: Took 0.000242 seconds to synchronously load lazily loaded font '../../../Engine/Content/Slate/Fonts/Roboto-Regular.ttf' (155K)
[2019.05.14-02.35.05:915][  0]LogSlate: Took 0.000265 seconds to synchronously load lazily loaded font '../../../Engine/Content/Slate/Fonts/Roboto-Bold.ttf' (160K)
[2019.05.14-02.35.05:921][  0]LogSlate: Took 0.000164 seconds to synchronously load lazily loaded font '../../../Engine/Content/Editor/Slate/Fonts/FontAwesome.ttf' (139K)
[2019.05.14-02.35.05:990][  0]LogRenderer: Reallocating scene render targets to support 960x452 Format 10 NumSamples 1 (Frame:1).
[2019.05.14-02.35.06:118][  0]LogContentBrowser: Native class hierarchy updated for 'HierarchicalLODOutliner' in 0.0002 seconds. Added 0 classes and 0 folders.
[2019.05.14-02.35.06:118][  0]LogLoad: (Engine Initialization) Total time: 15.36 seconds
[2019.05.14-02.35.06:118][  0]LogLoad: (Engine Initialization) Total Blueprint compile time: 0.00 seconds
[2019.05.14-02.35.06:139][  0]LogWindowsTextInputMethodSystem: Display: IME system now deactivated.
[2019.05.14-02.35.06:192][  0]LogContentStreaming: Texture pool size now 1000 MB
[2019.05.14-02.35.06:241][  1]LogAssetRegistry: Asset discovery search completed in 5.1054 seconds
[2019.05.14-02.35.06:243][  1]LogCollectionManager: Rebuilt the object cache for 0 collections in 0.000000 seconds (found 0 objects)
[2019.05.14-02.35.06:243][  1]LogCollectionManager: Fixed up redirectors for 0 collections in 0.000058 seconds (updated 0 objects)
[2019.05.14-02.35.08:024][ 49]LogSlate: FSceneViewport::OnFocusLost() reason 0
[2019.05.14-02.35.08:131][ 51]LogSlate: Took 0.000207 seconds to synchronously load lazily loaded font '../../../Engine/Content/Slate/Fonts/Roboto-Light.ttf' (167K)
[2019.05.14-02.35.19:261][305]LogSlate: Took 0.000418 seconds to synchronously load lazily loaded font '../../../Engine/Content/Slate/Fonts/Roboto-Light.ttf' (167K)
[2019.05.14-02.35.19:322][305]LogLinker: Warning: Can't find file '/Game/Models/Material__2'
[2019.05.14-02.35.19:323][305]LogLinker: Warning: Can't find file for asset '/Game/Models/Material__2' while loading ../../../../githubproject/unrealproject/Content/Models/Can_Model.uasset.
[2019.05.14-02.35.19:323][305]LoadErrors: Error: /Game/Models/Can_Model : Can't find file for asset. /Game/Models/Material__2
[2019.05.14-02.35.19:323][305]LogLinker: Warning: Can't find file '/Game/Models/Material__2'
[2019.05.14-02.35.19:323][305]LogLinker: Warning: Can't find file for asset '/Game/Models/Material__2' while loading ../../../../githubproject/unrealproject/Content/Models/Can_Model.uasset.
[2019.05.14-02.35.19:417][305]LogLinker: Warning: Can't find file '/Game/Models/Material__2'
[2019.05.14-02.35.19:417][305]LoadErrors: Failed to load /Game/Models/Material__2.Material__2 Referenced by Can_Model
[2019.05.14-02.35.19:417][305]LogLinker: Warning: Can't find file for asset '/Game/Models/Material__2' while loading NULL.
[2019.05.14-02.35.19:417][305]LogLinker: Warning: Can't find file '/Game/Models/Material__2'
[2019.05.14-02.35.19:418][305]LogLinker: Warning: Can't find file for asset '/Game/Models/Material__2' while loading NULL.
[2019.05.14-02.35.19:744][305]LogAIModule: Creating AISystem for world Movement_Test
[2019.05.14-02.35.19:775][305]LogAssetEditorManager: Opening Asset editor for World /Game/Test_Levels/Movement_Test.Movement_Test
[2019.05.14-02.35.19:847][305]Cmd: MAP LOAD FILE="../../../../githubproject/unrealproject/Content/Test_Levels/Movement_Test.umap" TEMPLATE=0 SHOWPROGRESS=1 FEATURELEVEL=3
[2019.05.14-02.35.19:848][305]LightingResults: New page: Lighting Build
[2019.05.14-02.35.19:849][305]LoadErrors: New page: Loading map: Movement_Test.umap
[2019.05.14-02.35.19:850][305]MapCheck: New page: Map Check
[2019.05.14-02.35.19:850][305]LightingResults: New page: Lighting Build
[2019.05.14-02.35.19:938][305]LogEditorServer: Finished looking for orphan Actors (0.000 secs)
[2019.05.14-02.35.20:016][305]Cmd: MAP CHECKDEP NOCLEARLOG
[2019.05.14-02.35.20:016][305]MapCheck: Map check complete: 0 Error(s), 0 Warning(s), took 0.122ms to complete.
[2019.05.14-02.35.20:016][305]LogFileHelpers: Loading map 'Movement_Test' took 0.171
[2019.05.14-02.35.21:808][356]LogTemp: Repeating last play command: Selected Viewport
[2019.05.14-02.35.21:827][356]LogBlueprintUserMessages: Early PlayInEditor Detection: Level '/Game/Test_Levels/Movement_Test.Movement_Test:PersistentLevel' has LevelScriptBlueprint '/Game/Test_Levels/Movement_Test.Movement_Test:PersistentLevel.Movement_Test' with GeneratedClass '/Game/Test_Levels/Movement_Test.Movement_Test_C' with ClassGeneratedBy '/Game/Test_Levels/Movement_Test.Movement_Test:PersistentLevel.Movement_Test'
[2019.05.14-02.35.21:828][356]LogPlayLevel: PlayLevel: No blueprints needed recompiling
[2019.05.14-02.35.21:828][356]PIE: New page: PIE session: Movement_Test (14 May 2019 10:35:21 pm)
[2019.05.14-02.35.21:840][356]LogPlayLevel: Creating play world package: /Game/Test_Levels/UEDPIE_0_Movement_Test
[2019.05.14-02.35.21:851][356]LogPlayLevel: PIE: StaticDuplicateObject took: (0.009878s)
[2019.05.14-02.35.21:852][356]LogAIModule: Creating AISystem for world Movement_Test
[2019.05.14-02.35.21:852][356]LogPlayLevel: PIE: World Init took: (0.001241s)
[2019.05.14-02.35.21:852][356]LogPlayLevel: PIE: Created PIE world by copying editor world from /Game/Test_Levels/Movement_Test.Movement_Test to /Game/Test_Levels/UEDPIE_0_Movement_Test.Movement_Test (0.011804s)
[2019.05.14-02.35.21:937][356]LogInit: XAudio2 using 'Speakers (Realtek(R) Audio)' : 2 channels at 48 kHz using 32 bits per sample (channel mask 0x3)
[2019.05.14-02.35.21:973][356]LogInit: FAudioDevice initialized.
[2019.05.14-02.35.22:032][356]LogLoad: Game class is 'Blob_GM_C'
[2019.05.14-02.35.22:040][356]LogWorld: Bringing World /Game/Test_Levels/UEDPIE_0_Movement_Test.Movement_Test up for play (max tick rate 60) at 2019.05.14-12.35.22
[2019.05.14-02.35.22:049][356]LogWorld: Bringing up level for play took: 0.011514
[2019.05.14-02.35.22:077][356]LogContentBrowser: Native class hierarchy updated for 'MovieSceneCapture' in 0.0009 seconds. Added 20 classes and 0 folders.
[2019.05.14-02.35.22:079][356]PIE: Play in editor start time for /Game/Test_Levels/UEDPIE_0_Movement_Test -0.343
[2019.05.14-02.35.22:079][356]LogBlueprintUserMessages: Late PlayInEditor Detection: Level '/Game/Test_Levels/Movement_Test.Movement_Test:PersistentLevel' has LevelScriptBlueprint '/Game/Test_Levels/Movement_Test.Movement_Test:PersistentLevel.Movement_Test' with GeneratedClass '/Game/Test_Levels/Movement_Test.Movement_Test_C' with ClassGeneratedBy '/Game/Test_Levels/Movement_Test.Movement_Test:PersistentLevel.Movement_Test'
[2019.05.14-02.35.25:089][440]LogBlueprintUserMessages: Early EndPlayMap Detection: Level '/Game/Test_Levels/Movement_Test.Movement_Test:PersistentLevel' has LevelScriptBlueprint '/Game/Test_Levels/Movement_Test.Movement_Test:PersistentLevel.Movement_Test' with GeneratedClass '/Game/Test_Levels/Movement_Test.Movement_Test_C' with ClassGeneratedBy '/Game/Test_Levels/Movement_Test.Movement_Test:PersistentLevel.Movement_Test'
[2019.05.14-02.35.25:090][440]LogSlate: Updating window title bar state: overlay mode, drag disabled, window buttons hidden, title bar hidden
[2019.05.14-02.35.25:158][440]LogPlayLevel: Display: Shutting down PIE online subsystems
[2019.05.14-02.35.25:159][440]LogBlueprintUserMessages: Late EndPlayMap Detection: Level '/Game/Test_Levels/Movement_Test.Movement_Test:PersistentLevel' has LevelScriptBlueprint '/Game/Test_Levels/Movement_Test.Movement_Test:PersistentLevel.Movement_Test' with GeneratedClass '/Game/Test_Levels/Movement_Test.Movement_Test_C' with ClassGeneratedBy '/Game/Test_Levels/Movement_Test.Movement_Test:PersistentLevel.Movement_Test'
[2019.05.14-02.35.25:241][440]LogSlate: Updating window title bar state: overlay mode, drag disabled, window buttons hidden, title bar hidden
[2019.05.14-02.35.25:251][441]LogPlayLevel: Display: Destroying online subsystem :Context_1
[2019.05.14-02.38.08:259][133]LogSlate: FSceneViewport::OnFocusLost() reason 0
[2019.05.14-02.38.45:907][157]LogSlate: FSceneViewport::OnFocusLost() reason 0
[2019.05.14-02.38.46:245][158]LogActorFactory: Actor Factory created items_rock03
[2019.05.14-02.38.47:049][183]LogActorFactory: Actor Factory created items_rock03
[2019.05.14-02.39.02:129][614]LogSlate: FSceneViewport::OnFocusLost() reason 0
[2019.05.14-02.39.02:396][615]LogActorFactory: Actor Factory created items_fence_vineyard03
[2019.05.14-02.39.03:561][650]LogActorFactory: Actor Factory created items_fence_vineyard03
[2019.05.14-02.39.22:688][201]LogSlate: FSceneViewport::OnFocusLost() reason 0
[2019.05.14-02.39.22:954][203]LogActorFactory: Actor Factory created items_fence01
[2019.05.14-02.39.24:402][245]LogActorFactory: Actor Factory created items_fence01
[2019.05.14-02.39.30:225][390]LogSlate: FSceneViewport::OnFocusLost() reason 0
[2019.05.14-02.39.37:411][600]Cmd: CAMERA ALIGN ACTIVEVIEWPORTONLY
[2019.05.14-02.39.46:980][887]LogEditorViewport: Clicking on Actor (LMB): StaticMeshActor (items_rock03)
[2019.05.14-02.39.58:056][218]LogEditorViewport: Clicking on Actor (LMB): StaticMeshActor (items_fence_vineyard03)
[2019.05.14-02.40.02:121][338]Cmd: CAMERA ALIGN ACTIVEVIEWPORTONLY
[2019.05.14-02.45.16:941][764]LogSlate: FSceneViewport::OnFocusLost() reason 0
[2019.05.14-02.46.03:579][121]LogSlate: FSceneViewport::OnFocusLost() reason 2
[2019.05.14-02.46.04:333][128]LogD3D11RHI: Error: Result failed 
 at D:\Build\++UE4\Sync\Engine\Source\Runtime\Windows\D3D11RHI\Private\D3D11Query.cpp:140 
 with error DXGI_ERROR_DEVICE_REMOVED DXGI_ERROR_DEVICE_HUNG
[2019.05.14-02.46.04:333][128]LogD3D11RHI: [Aftermath] GDynamicRHI=00000263945E00C0, GDX11NVAfterMathEnabled=0, Result=0xFFFFFFFF, bDeviceActive=0
[2019.05.14-02.46.04:333][128]LogWindows: Windows GetLastError: The operation completed successfully. (0)
[2019.05.14-02.46.07:804][128]LogRHI: Error: SyncInterval 0
[2019.05.14-02.46.07:804][128]LogRHI: Error: SwapChainDesc.BufferDesc.Width 1938
[2019.05.14-02.46.07:804][128]LogRHI: Error: SwapChainDesc.BufferDesc.Height 1048
[2019.05.14-02.46.07:804][128]LogRHI: Error: SwapChainDesc.BufferDesc.RefreshRate.Numerator 0
[2019.05.14-02.46.07:804][128]LogRHI: Error: SwapChainDesc.BufferDesc.RefreshRate.Denominator 0
[2019.05.14-02.46.07:804][128]LogRHI: Error: SwapChainDesc.BufferDesc.Format 24
[2019.05.14-02.46.07:804][128]LogRHI: Error: SwapChainDesc.BufferDesc.ScanlineOrdering 0
[2019.05.14-02.46.07:804][128]LogRHI: Error: SwapChainDesc.BufferDesc.Scaling 0
[2019.05.14-02.46.07:804][128]LogRHI: Error: SwapChainDesc.SampleDesc.Count 1
[2019.05.14-02.46.07:804][128]LogRHI: Error: SwapChainDesc.SampleDesc.Quality 0
[2019.05.14-02.46.07:804][128]LogRHI: Error: SwapChainDesc.BufferUsage 48
[2019.05.14-02.46.07:804][128]LogRHI: Error: SwapChainDesc.BufferCount 1
[2019.05.14-02.46.07:804][128]LogRHI: Error: SwapChainDesc.OutputWindow 00000000000505C2
[2019.05.14-02.46.07:804][128]LogRHI: Error: SwapChainDesc.Windowed true
[2019.05.14-02.46.07:804][128]LogRHI: Error: SwapChainDesc.SwapEffect 0
[2019.05.14-02.46.07:804][128]LogRHI: Error: SwapChainDesc.Flags 2
[2019.05.14-02.46.07:804][128]LogD3D11RHI: Error: Result failed 
 at D:\Build\++UE4\Sync\Engine\Source\Runtime\Windows\D3D11RHI\Private\D3D11Viewport.cpp:361 
 with error DXGI_ERROR_DEVICE_REMOVED DXGI_ERROR_DEVICE_HUNG
[2019.05.14-02.46.07:804][128]LogD3D11RHI: [Aftermath] GDynamicRHI=00000263945E00C0, GDX11NVAfterMathEnabled=0, Result=0xFFFFFFFF, bDeviceActive=0
[2019.05.14-02.46.07:804][128]LogWindows: FPlatformMisc::RequestExit(1)
[2019.05.14-02.46.07:812][128]Log file closed, 05/14/19 12:46:07
