Log file open, 05/14/19 12:21:36
LogWindows: Failed to load 'aqProf.dll' (GetLastError=126)
LogWindows: File 'aqProf.dll' does not exist
LogWindows: Failed to load 'VtuneApi.dll' (GetLastError=126)
LogWindows: File 'VtuneApi.dll' does not exist
LogWindows: Failed to load 'VtuneApi32e.dll' (GetLastError=126)
LogWindows: File 'VtuneApi32e.dll' does not exist
LogConsoleResponse: Display: Failed to find resolution value strings in scalability ini. Falling back to default.
LogInit: Display: Running engine for game: unrealproject
LogPakFile: Registered encryption key '00000000000000000000000000000000': 0 pak files mounted, 0 remain pending
LogPlatformFile: Not using cached read wrapper
LogTaskGraph: Started task graph with 5 named threads and 35 total threads with 3 sets of task threads.
LogStats: Stats thread started at 0.431342
LogD3D11RHI: Loaded GFSDK_Aftermath_Lib.x64.dll
LogICUInternationalization: ICU TimeZone Detection - Raw Offset: +10:00, Platform Override: ''
LogPluginManager: Mounting plugin Paper2D
LogPluginManager: Mounting plugin AISupport
LogPluginManager: Mounting plugin LightPropagationVolume
LogPluginManager: Mounting plugin ActorLayerUtilities
LogPluginManager: Mounting plugin CLionSourceCodeAccess
LogPluginManager: Mounting plugin CodeLiteSourceCodeAccess
LogPluginManager: Mounting plugin GitSourceControl
LogPluginManager: Mounting plugin KDevelopSourceCodeAccess
LogPluginManager: Mounting plugin NullSourceCodeAccess
LogPluginManager: Mounting plugin PerforceSourceControl
LogPluginManager: Mounting plugin SubversionSourceControl
LogPluginManager: Mounting plugin UObjectPlugin
LogPluginManager: Mounting plugin VisualStudioCodeSourceCodeAccess
LogPluginManager: Mounting plugin VisualStudioSourceCodeAccess
LogPluginManager: Mounting plugin XCodeSourceCodeAccess
LogPluginManager: Mounting plugin AssetManagerEditor
LogPluginManager: Mounting plugin CryptoKeys
LogPluginManager: Mounting plugin DataValidation
LogPluginManager: Mounting plugin FacialAnimation
LogPluginManager: Mounting plugin GameplayTagsEditor
LogPluginManager: Mounting plugin MacGraphicsSwitching
LogPluginManager: Mounting plugin MeshEditor
LogPluginManager: Mounting plugin MobileLauncherProfileWizard
LogPluginManager: Mounting plugin PluginBrowser
LogPluginManager: Mounting plugin SpeedTreeImporter
LogPluginManager: Mounting plugin DatasmithContent
LogPluginManager: Mounting plugin VariantManagerContent
LogPluginManager: Mounting plugin AlembicImporter
LogPluginManager: Mounting plugin AppleImageUtils
LogPluginManager: Mounting plugin AppleVision
LogPluginManager: Mounting plugin BackChannel
LogPluginManager: Mounting plugin CharacterAI
LogPluginManager: Mounting plugin GeometryCache
LogPluginManager: Mounting plugin HTML5Networking
LogPluginManager: Mounting plugin ProxyLODPlugin
LogPluginManager: Mounting plugin MagicLeap
LogPluginManager: Mounting plugin MagicLeapMedia
LogPluginManager: Mounting plugin AndroidMedia
LogPluginManager: Mounting plugin AvfMedia
LogPluginManager: Mounting plugin ImgMedia
LogPluginManager: Mounting plugin LinearTimecode
LogPluginManager: Mounting plugin MediaCompositing
LogPluginManager: Mounting plugin MediaPlayerEditor
LogPluginManager: Mounting plugin WebMMedia
LogPluginManager: Mounting plugin WmfMedia
LogPluginManager: Mounting plugin TcpMessaging
LogPluginManager: Mounting plugin UdpMessaging
LogPluginManager: Mounting plugin ActorSequence
LogPluginManager: Mounting plugin LevelSequenceEditor
LogPluginManager: Mounting plugin MatineeToLevelSequence
LogPluginManager: Mounting plugin NetcodeUnitTest
LogPluginManager: Mounting plugin NUTUnrealEngine4
LogPluginManager: Mounting plugin OnlineSubsystemGooglePlay
LogPluginManager: Mounting plugin OnlineSubsystemIOS
LogPluginManager: Mounting plugin OnlineSubsystem
LogPluginManager: Mounting plugin OnlineSubsystemNull
LogPluginManager: Mounting plugin OnlineSubsystemUtils
LogPluginManager: Mounting plugin LauncherChunkInstaller
LogPluginManager: Mounting plugin AndroidDeviceProfileSelector
LogPluginManager: Mounting plugin AndroidMoviePlayer
LogPluginManager: Mounting plugin AndroidPermission
LogPluginManager: Mounting plugin AppleMoviePlayer
LogPluginManager: Mounting plugin ArchVisCharacter
LogPluginManager: Mounting plugin AudioCapture
LogPluginManager: Mounting plugin CableComponent
LogPluginManager: Mounting plugin CustomMeshComponent
LogPluginManager: Mounting plugin EditableMesh
LogPluginManager: Mounting plugin ExampleDeviceProfileSelector
LogPluginManager: Mounting plugin Firebase
LogPluginManager: Mounting plugin GoogleCloudMessaging
LogPluginManager: Mounting plugin IOSDeviceProfileSelector
LogPluginManager: Mounting plugin LinuxDeviceProfileSelector
LogPluginManager: Mounting plugin LocationServicesBPLibrary
LogPluginManager: Mounting plugin MobilePatchingUtils
LogPluginManager: Mounting plugin OculusVR
LogPluginManager: Mounting plugin PhysXVehicles
LogPluginManager: Mounting plugin ProceduralMeshComponent
LogPluginManager: Mounting plugin RuntimePhysXCooking
LogPluginManager: Mounting plugin SteamVR
LogPluginManager: Mounting plugin WebMMoviePlayer
LogPluginManager: Mounting plugin WindowsMoviePlayer
LogStreaming: Display: Took  0.260s to configure plugins.
LogInit: Using libcurl 7.55.1-DEV
LogInit:  - built for x86_64-pc-win32
LogInit:  - supports SSL with OpenSSL/1.0.2h
LogInit:  - supports HTTP deflate (compression) using libz 1.2.8
LogInit:  - other features:
LogInit:      CURL_VERSION_SSL
LogInit:      CURL_VERSION_LIBZ
LogInit:      CURL_VERSION_IPV6
LogInit:      CURL_VERSION_ASYNCHDNS
LogInit:      CURL_VERSION_LARGEFILE
LogInit:      CURL_VERSION_IDN
LogInit:  CurlRequestOptions (configurable via config and command line):
LogInit:  - bVerifyPeer = true  - Libcurl will verify peer certificate
LogInit:  - bUseHttpProxy = false  - Libcurl will NOT use HTTP proxy
LogInit:  - bDontReuseConnections = false  - Libcurl will reuse connections
LogInit:  - MaxHostConnections = 16  - Libcurl will limit the number of connections to a host
LogInit:  - LocalHostAddr = Default
LogInit:  - BufferSize = 65536
LogInit: WinSock: version 1.1 (2.2), MaxSocks=32767, MaxUdp=65467
LogInit: Build: ++UE4+Release-4.21-CL-4753647
LogInit: Engine Version: 4.21.2-4753647+++UE4+Release-4.21
LogInit: Compatible Engine Version: 4.21.0-4541578+++UE4+Release-4.21
LogInit: Net CL: 4541578
LogInit: OS: Windows 10 (), CPU: Intel(R) Core(TM) i7-8750H CPU @ 2.20GHz, GPU: Intel(R) UHD Graphics 630
LogInit: Compiled (64-bit): Jan 19 2019 02:07:31
LogInit: Compiled with Visual C++: 19.13.26129.00
LogInit: Build Configuration: Development
LogInit: Branch Name: ++UE4+Release-4.21
LogInit: Command Line: 
LogInit: Base Directory: D:/UE_4.21/Engine/Binaries/Win64/
LogInit: Installed Engine Build: 1
LogDevObjectVersion: Number of dev versions registered: 22
LogDevObjectVersion:   Dev-Blueprints (B0D832E4-1F89-4F0D-ACCF-7EB736FD4AA2): 10
LogDevObjectVersion:   Dev-Build (E1C64328-A22C-4D53-A36C-8E866417BD8C): 0
LogDevObjectVersion:   Dev-Core (375EC13C-06E4-48FB-B500-84F0262A717E): 2
LogDevObjectVersion:   Dev-Editor (E4B068ED-F494-42E9-A231-DA0B2E46BB41): 26
LogDevObjectVersion:   Dev-Framework (CFFC743F-43B0-4480-9391-14DF171D2073): 34
LogDevObjectVersion:   Dev-Mobile (B02B49B5-BB20-44E9-A304-32B752E40360): 2
LogDevObjectVersion:   Dev-Networking (A4E4105C-59A1-49B5-A7C5-40C4547EDFEE): 0
LogDevObjectVersion:   Dev-Online (39C831C9-5AE6-47DC-9A44-9C173E1C8E7C): 0
LogDevObjectVersion:   Dev-Physics (78F01B33-EBEA-4F98-B9B4-84EACCB95AA2): 0
LogDevObjectVersion:   Dev-Platform (6631380F-2D4D-43E0-8009-CF276956A95A): 0
LogDevObjectVersion:   Dev-Rendering (12F88B9F-8875-4AFC-A67C-D90C383ABD29): 27
LogDevObjectVersion:   Dev-Sequencer (7B5AE74C-D270-4C10-A958-57980B212A5A): 9
LogDevObjectVersion:   Dev-VR (D7296918-1DD6-4BDD-9DE2-64A83CC13884): 2
LogDevObjectVersion:   Dev-LoadTimes (C2A15278-BFE7-4AFE-6C17-90FF531DF755): 1
LogDevObjectVersion:   Private-Geometry (6EACA3D4-40EC-4CC1-B786-8BED09428FC5): 3
LogDevObjectVersion:   Dev-AnimPhys (29E575DD-E0A3-4627-9D10-D276232CDCEA): 17
LogDevObjectVersion:   Dev-Anim (AF43A65D-7FD3-4947-9873-3E8ED9C1BB05): 2
LogDevObjectVersion:   Dev-ReflectionCapture (6B266CEC-1EC7-4B8F-A30B-E4D90942FC07): 1
LogDevObjectVersion:   Dev-Automation (0DF73D61-A23F-47EA-B727-89E90C41499A): 1
LogDevObjectVersion:   FortniteMain (601D1886-AC64-4F84-AA16-D3DE0DEAC7D6): 17
LogDevObjectVersion:   Dev-Enterprise (9DFFBCD6-494F-0158-E221-12823C92A888): 4
LogDevObjectVersion:   Dev-Niagara (F2AED0AC-9AFE-416F-8664-AA7FFA26D6FC): 1
LogStreaming: Display: Took  0.000s to delete old logs.
LogInit: Presizing for max 8388607 objects, including 0 objects not considered by GC, pre-allocating 0 bytes for permanent pool.
LogInit: Object subsystem initialized
LogConfig: Setting CVar [[con.DebugEarlyDefault:1]]
LogConfig: Setting CVar [[r.setres:1280x720]]
[2019.05.14-02.21.36:843][  0]LogConfig: Setting CVar [[r.VSync:0]]
[2019.05.14-02.21.36:843][  0]LogConfig: Setting CVar [[r.RHICmdBypass:0]]
[2019.05.14-02.21.36:843][  0]LogConfig: Applying CVar settings from Section [/Script/Engine.RendererSettings] File [D:/githubproject/unrealproject/Saved/Config/Windows/Engine.ini]
[2019.05.14-02.21.36:843][  0]LogConfig: Setting CVar [[r.GPUCrashDebugging:0]]
[2019.05.14-02.21.36:843][  0]LogConfig: Setting CVar [[r.GenerateMeshDistanceFields:1]]
[2019.05.14-02.21.36:843][  0]LogConfig: Applying CVar settings from Section [/Script/Engine.RendererOverrideSettings] File [D:/githubproject/unrealproject/Saved/Config/Windows/Engine.ini]
[2019.05.14-02.21.36:843][  0]LogConfig: Applying CVar settings from Section [/Script/Engine.StreamingSettings] File [D:/githubproject/unrealproject/Saved/Config/Windows/Engine.ini]
[2019.05.14-02.21.36:843][  0]LogConfig: Setting CVar [[s.MinBulkDataSizeForAsyncLoading:131072]]
[2019.05.14-02.21.36:843][  0]LogConfig: Setting CVar [[s.AsyncLoadingThreadEnabled:0]]
[2019.05.14-02.21.36:843][  0]LogConfig: Setting CVar [[s.EventDrivenLoaderEnabled:1]]
[2019.05.14-02.21.36:843][  0]LogConfig: Setting CVar [[s.WarnIfTimeLimitExceeded:0]]
[2019.05.14-02.21.36:843][  0]LogConfig: Setting CVar [[s.TimeLimitExceededMultiplier:1.5]]
[2019.05.14-02.21.36:843][  0]LogConfig: Setting CVar [[s.TimeLimitExceededMinTime:0.005]]
[2019.05.14-02.21.36:843][  0]LogConfig: Setting CVar [[s.UseBackgroundLevelStreaming:1]]
[2019.05.14-02.21.36:843][  0]LogConfig: Setting CVar [[s.PriorityAsyncLoadingExtraTime:15.0]]
[2019.05.14-02.21.36:843][  0]LogConfig: Setting CVar [[s.LevelStreamingActorsUpdateTimeLimit:5.0]]
[2019.05.14-02.21.36:843][  0]LogConfig: Setting CVar [[s.PriorityLevelStreamingActorsUpdateExtraTime:5.0]]
[2019.05.14-02.21.36:843][  0]LogConfig: Setting CVar [[s.LevelStreamingComponentsRegistrationGranularity:10]]
[2019.05.14-02.21.36:843][  0]LogConfig: Setting CVar [[s.UnregisterComponentsTimeLimit:1.0]]
[2019.05.14-02.21.36:844][  0]LogConfig: Setting CVar [[s.LevelStreamingComponentsUnregistrationGranularity:5]]
[2019.05.14-02.21.36:844][  0]LogConfig: Applying CVar settings from Section [/Script/Engine.GarbageCollectionSettings] File [D:/githubproject/unrealproject/Saved/Config/Windows/Engine.ini]
[2019.05.14-02.21.36:844][  0]LogConfig: Setting CVar [[gc.MaxObjectsNotConsideredByGC:1]]
[2019.05.14-02.21.36:844][  0]LogConfig: Setting CVar [[gc.SizeOfPermanentObjectPool:0]]
[2019.05.14-02.21.36:844][  0]LogConfig: Setting CVar [[gc.FlushStreamingOnGC:0]]
[2019.05.14-02.21.36:844][  0]LogConfig: Setting CVar [[gc.NumRetriesBeforeForcingGC:10]]
[2019.05.14-02.21.36:844][  0]LogConfig: Setting CVar [[gc.AllowParallelGC:1]]
[2019.05.14-02.21.36:844][  0]LogConfig: Setting CVar [[gc.TimeBetweenPurgingPendingKillObjects:61.1]]
[2019.05.14-02.21.36:844][  0]LogConfig: Setting CVar [[gc.MaxObjectsInEditor:8388607]]
[2019.05.14-02.21.36:844][  0]LogConfig: Setting CVar [[gc.IncrementalBeginDestroyEnabled:1]]
[2019.05.14-02.21.36:844][  0]LogConfig: Setting CVar [[gc.CreateGCClusters:1]]
[2019.05.14-02.21.36:844][  0]LogConfig: Setting CVar [[gc.MergeGCClusters:0]]
[2019.05.14-02.21.36:844][  0]LogConfig: Setting CVar [[gc.MinGCClusterSize:5]]
[2019.05.14-02.21.36:844][  0]LogConfig: Setting CVar [[gc.ActorClusteringEnabled:0]]
[2019.05.14-02.21.36:844][  0]LogConfig: Setting CVar [[gc.BlueprintClusteringEnabled:0]]
[2019.05.14-02.21.36:844][  0]LogConfig: Setting CVar [[gc.UseDisregardForGCOnDedicatedServers:0]]
[2019.05.14-02.21.36:844][  0]LogConfig: Applying CVar settings from Section [/Script/Engine.NetworkSettings] File [D:/githubproject/unrealproject/Saved/Config/Windows/Engine.ini]
[2019.05.14-02.21.36:844][  0]LogConfig: Applying CVar settings from Section [/Script/UnrealEd.CookerSettings] File [D:/githubproject/unrealproject/Saved/Config/Windows/Engine.ini]
[2019.05.14-02.21.36:849][  0]LogConfig: Applying CVar settings from Section [ViewDistanceQuality@3] File [D:/githubproject/unrealproject/Saved/Config/Windows/Scalability.ini]
[2019.05.14-02.21.36:849][  0]LogConfig: Setting CVar [[r.SkeletalMeshLODBias:0]]
[2019.05.14-02.21.36:850][  0]LogConfig: Setting CVar [[r.ViewDistanceScale:1.0]]
[2019.05.14-02.21.36:850][  0]LogConfig: Applying CVar settings from Section [AntiAliasingQuality@3] File [D:/githubproject/unrealproject/Saved/Config/Windows/Scalability.ini]
[2019.05.14-02.21.36:850][  0]LogConfig: Setting CVar [[r.PostProcessAAQuality:4]]
[2019.05.14-02.21.36:850][  0]LogConfig: Applying CVar settings from Section [ShadowQuality@3] File [D:/githubproject/unrealproject/Saved/Config/Windows/Scalability.ini]
[2019.05.14-02.21.36:850][  0]LogConfig: Setting CVar [[r.LightFunctionQuality:1]]
[2019.05.14-02.21.36:850][  0]LogConfig: Setting CVar [[r.ShadowQuality:5]]
[2019.05.14-02.21.36:850][  0]LogConfig: Setting CVar [[r.Shadow.CSM.MaxCascades:10]]
[2019.05.14-02.21.36:850][  0]LogConfig: Setting CVar [[r.Shadow.MaxResolution:2048]]
[2019.05.14-02.21.36:850][  0]LogConfig: Setting CVar [[r.Shadow.MaxCSMResolution:2048]]
[2019.05.14-02.21.36:850][  0]LogConfig: Setting CVar [[r.Shadow.RadiusThreshold:0.01]]
[2019.05.14-02.21.36:850][  0]LogConfig: Setting CVar [[r.Shadow.DistanceScale:1.0]]
[2019.05.14-02.21.36:850][  0]LogConfig: Setting CVar [[r.Shadow.CSM.TransitionScale:1.0]]
[2019.05.14-02.21.36:850][  0]LogConfig: Setting CVar [[r.Shadow.PreShadowResolutionFactor:1.0]]
[2019.05.14-02.21.36:850][  0]LogConfig: Setting CVar [[r.DistanceFieldShadowing:1]]
[2019.05.14-02.21.36:850][  0]LogConfig: Setting CVar [[r.DistanceFieldAO:1]]
[2019.05.14-02.21.36:850][  0]LogConfig: Setting CVar [[r.AOQuality:2]]
[2019.05.14-02.21.36:850][  0]LogConfig: Setting CVar [[r.VolumetricFog:1]]
[2019.05.14-02.21.36:850][  0]LogConfig: Setting CVar [[r.VolumetricFog.GridPixelSize:8]]
[2019.05.14-02.21.36:850][  0]LogConfig: Setting CVar [[r.VolumetricFog.GridSizeZ:128]]
[2019.05.14-02.21.36:850][  0]LogConfig: Setting CVar [[r.VolumetricFog.HistoryMissSupersampleCount:4]]
[2019.05.14-02.21.36:850][  0]LogConfig: Setting CVar [[r.LightMaxDrawDistanceScale:1]]
[2019.05.14-02.21.36:850][  0]LogConfig: Setting CVar [[r.CapsuleShadows:1]]
[2019.05.14-02.21.36:850][  0]LogConfig: Applying CVar settings from Section [PostProcessQuality@3] File [D:/githubproject/unrealproject/Saved/Config/Windows/Scalability.ini]
[2019.05.14-02.21.36:850][  0]LogConfig: Setting CVar [[r.MotionBlurQuality:4]]
[2019.05.14-02.21.36:850][  0]LogConfig: Setting CVar [[r.AmbientOcclusionMipLevelFactor:0.4]]
[2019.05.14-02.21.36:850][  0]LogConfig: Setting CVar [[r.AmbientOcclusionMaxQuality:100]]
[2019.05.14-02.21.36:850][  0]LogConfig: Setting CVar [[r.AmbientOcclusionLevels:-1]]
[2019.05.14-02.21.36:850][  0]LogConfig: Setting CVar [[r.AmbientOcclusionRadiusScale:1.0]]
[2019.05.14-02.21.36:851][  0]LogConfig: Setting CVar [[r.DepthOfFieldQuality:2]]
[2019.05.14-02.21.36:851][  0]LogConfig: Setting CVar [[r.RenderTargetPoolMin:400]]
[2019.05.14-02.21.36:851][  0]LogConfig: Setting CVar [[r.LensFlareQuality:2]]
[2019.05.14-02.21.36:851][  0]LogConfig: Setting CVar [[r.SceneColorFringeQuality:1]]
[2019.05.14-02.21.36:851][  0]LogConfig: Setting CVar [[r.EyeAdaptationQuality:2]]
[2019.05.14-02.21.36:851][  0]LogConfig: Setting CVar [[r.BloomQuality:5]]
[2019.05.14-02.21.36:851][  0]LogConfig: Setting CVar [[r.FastBlurThreshold:100]]
[2019.05.14-02.21.36:851][  0]LogConfig: Setting CVar [[r.Upscale.Quality:3]]
[2019.05.14-02.21.36:851][  0]LogConfig: Setting CVar [[r.Tonemapper.GrainQuantization:1]]
[2019.05.14-02.21.36:851][  0]LogConfig: Setting CVar [[r.LightShaftQuality:1]]
[2019.05.14-02.21.36:851][  0]LogConfig: Setting CVar [[r.Filter.SizeScale:1]]
[2019.05.14-02.21.36:851][  0]LogConfig: Setting CVar [[r.Tonemapper.Quality:5]]
[2019.05.14-02.21.36:851][  0]LogConfig: Setting CVar [[r.DOF.Gather.AccumulatorQuality:1        ; higher gathering accumulator quality]]
[2019.05.14-02.21.36:851][  0]LogConfig: Setting CVar [[r.DOF.Gather.PostfilterMethod:1          ; Median3x3 postfilering method]]
[2019.05.14-02.21.36:851][  0]LogConfig: Setting CVar [[r.DOF.Gather.EnableBokehSettings:0       ; no bokeh simulation when gathering]]
[2019.05.14-02.21.36:851][  0]LogConfig: Setting CVar [[r.DOF.Gather.RingCount:4                 ; medium number of samples when gathering]]
[2019.05.14-02.21.36:851][  0]LogConfig: Setting CVar [[r.DOF.Scatter.ForegroundCompositing:1    ; additive foreground scattering]]
[2019.05.14-02.21.36:851][  0]LogConfig: Setting CVar [[r.DOF.Scatter.BackgroundCompositing:2    ; additive background scattering]]
[2019.05.14-02.21.36:851][  0]LogConfig: Setting CVar [[r.DOF.Scatter.EnableBokehSettings:1      ; bokeh simulation when scattering]]
[2019.05.14-02.21.36:851][  0]LogConfig: Setting CVar [[r.DOF.Scatter.MaxSpriteRatio:0.1         ; only a maximum of 10% of scattered bokeh]]
[2019.05.14-02.21.36:851][  0]LogConfig: Setting CVar [[r.DOF.Recombine.Quality:1                ; cheap slight out of focus]]
[2019.05.14-02.21.36:851][  0]LogConfig: Setting CVar [[r.DOF.Recombine.EnableBokehSettings:0    ; no bokeh simulation on slight out of focus]]
[2019.05.14-02.21.36:851][  0]LogConfig: Setting CVar [[r.DOF.TemporalAAQuality:1                ; more stable temporal accumulation]]
[2019.05.14-02.21.36:851][  0]LogConfig: Setting CVar [[r.DOF.Kernel.MaxForegroundRadius:0.025]]
[2019.05.14-02.21.36:851][  0]LogConfig: Setting CVar [[r.DOF.Kernel.MaxBackgroundRadius:0.025]]
[2019.05.14-02.21.36:851][  0]LogConfig: Applying CVar settings from Section [TextureQuality@3] File [D:/githubproject/unrealproject/Saved/Config/Windows/Scalability.ini]
[2019.05.14-02.21.36:851][  0]LogConfig: Setting CVar [[r.Streaming.MipBias:0]]
[2019.05.14-02.21.36:851][  0]LogConfig: Setting CVar [[r.Streaming.AmortizeCPUToGPUCopy:0]]
[2019.05.14-02.21.36:851][  0]LogConfig: Setting CVar [[r.Streaming.MaxNumTexturesToStreamPerFrame:0]]
[2019.05.14-02.21.36:852][  0]LogConfig: Setting CVar [[r.Streaming.Boost:1]]
[2019.05.14-02.21.36:852][  0]LogConfig: Setting CVar [[r.MaxAnisotropy:8]]
[2019.05.14-02.21.36:852][  0]LogConfig: Setting CVar [[r.Streaming.LimitPoolSizeToVRAM:0]]
[2019.05.14-02.21.36:852][  0]LogConfig: Setting CVar [[r.Streaming.PoolSize:1000]]
[2019.05.14-02.21.36:852][  0]LogConfig: Setting CVar [[r.Streaming.MaxEffectiveScreenSize:0]]
[2019.05.14-02.21.36:852][  0]LogConfig: Applying CVar settings from Section [EffectsQuality@3] File [D:/githubproject/unrealproject/Saved/Config/Windows/Scalability.ini]
[2019.05.14-02.21.36:852][  0]LogConfig: Setting CVar [[r.TranslucencyLightingVolumeDim:64]]
[2019.05.14-02.21.36:852][  0]LogConfig: Setting CVar [[r.RefractionQuality:2]]
[2019.05.14-02.21.36:852][  0]LogConfig: Setting CVar [[r.SSR.Quality:3]]
[2019.05.14-02.21.36:852][  0]LogConfig: Setting CVar [[r.SceneColorFormat:4]]
[2019.05.14-02.21.36:852][  0]LogConfig: Setting CVar [[r.DetailMode:2]]
[2019.05.14-02.21.36:852][  0]LogConfig: Setting CVar [[r.TranslucencyVolumeBlur:1]]
[2019.05.14-02.21.36:852][  0]LogConfig: Setting CVar [[r.MaterialQualityLevel:1 ; High quality]]
[2019.05.14-02.21.36:852][  0]LogConfig: Setting CVar [[r.SSS.Scale:1]]
[2019.05.14-02.21.36:852][  0]LogConfig: Setting CVar [[r.SSS.SampleSet:2]]
[2019.05.14-02.21.36:852][  0]LogConfig: Setting CVar [[r.SSS.Quality:1]]
[2019.05.14-02.21.36:852][  0]LogConfig: Setting CVar [[r.SSS.HalfRes:1]]
[2019.05.14-02.21.36:852][  0]LogConfig: Setting CVar [[r.EmitterSpawnRateScale:1.0]]
[2019.05.14-02.21.36:852][  0]LogConfig: Setting CVar [[r.ParticleLightQuality:2]]
[2019.05.14-02.21.36:852][  0]LogConfig: Applying CVar settings from Section [FoliageQuality@3] File [D:/githubproject/unrealproject/Saved/Config/Windows/Scalability.ini]
[2019.05.14-02.21.36:852][  0]LogConfig: Setting CVar [[foliage.DensityScale:1.0]]
[2019.05.14-02.21.36:852][  0]LogConfig: Setting CVar [[grass.DensityScale:1.0]]
[2019.05.14-02.21.36:852][  0]LogInit: Selected Device Profile: [Windows]
[2019.05.14-02.21.36:852][  0]LogInit: Applying CVar settings loaded from the selected device profile: [Windows]
[2019.05.14-02.21.36:885][  0]LogHAL: Display: Platform has ~ 16 GB [17047015424 / 17179869184 / 16], which maps to Larger [LargestMinGB=32, LargerMinGB=12, DefaultMinGB=8, SmallerMinGB=6, SmallestMinGB=0)
[2019.05.14-02.21.36:885][  0]LogConfig: Setting CVar [[r.Vulkan.UseRealUBs:1]]
[2019.05.14-02.21.36:885][  0]LogInit: Going up to parent DeviceProfile []
[2019.05.14-02.21.36:885][  0]LogConfig: Applying CVar settings from Section [ViewDistanceQuality@3] File [D:/githubproject/unrealproject/Saved/Config/Windows/Scalability.ini]
[2019.05.14-02.21.36:885][  0]LogConfig: Setting CVar [[r.SkeletalMeshLODBias:0]]
[2019.05.14-02.21.36:885][  0]LogConfig: Setting CVar [[r.ViewDistanceScale:1.0]]
[2019.05.14-02.21.36:885][  0]LogConfig: Applying CVar settings from Section [AntiAliasingQuality@3] File [D:/githubproject/unrealproject/Saved/Config/Windows/Scalability.ini]
[2019.05.14-02.21.36:885][  0]LogConfig: Setting CVar [[r.PostProcessAAQuality:4]]
[2019.05.14-02.21.36:886][  0]LogConfig: Applying CVar settings from Section [ShadowQuality@3] File [D:/githubproject/unrealproject/Saved/Config/Windows/Scalability.ini]
[2019.05.14-02.21.36:886][  0]LogConfig: Setting CVar [[r.LightFunctionQuality:1]]
[2019.05.14-02.21.36:886][  0]LogConfig: Setting CVar [[r.ShadowQuality:5]]
[2019.05.14-02.21.36:886][  0]LogConfig: Setting CVar [[r.Shadow.CSM.MaxCascades:10]]
[2019.05.14-02.21.36:886][  0]LogConfig: Setting CVar [[r.Shadow.MaxResolution:2048]]
[2019.05.14-02.21.36:886][  0]LogConfig: Setting CVar [[r.Shadow.MaxCSMResolution:2048]]
[2019.05.14-02.21.36:886][  0]LogConfig: Setting CVar [[r.Shadow.RadiusThreshold:0.01]]
[2019.05.14-02.21.36:886][  0]LogConfig: Setting CVar [[r.Shadow.DistanceScale:1.0]]
[2019.05.14-02.21.36:886][  0]LogConfig: Setting CVar [[r.Shadow.CSM.TransitionScale:1.0]]
[2019.05.14-02.21.36:886][  0]LogConfig: Setting CVar [[r.Shadow.PreShadowResolutionFactor:1.0]]
[2019.05.14-02.21.36:886][  0]LogConfig: Setting CVar [[r.DistanceFieldShadowing:1]]
[2019.05.14-02.21.36:886][  0]LogConfig: Setting CVar [[r.DistanceFieldAO:1]]
[2019.05.14-02.21.36:886][  0]LogConfig: Setting CVar [[r.AOQuality:2]]
[2019.05.14-02.21.36:886][  0]LogConfig: Setting CVar [[r.VolumetricFog:1]]
[2019.05.14-02.21.36:886][  0]LogConfig: Setting CVar [[r.VolumetricFog.GridPixelSize:8]]
[2019.05.14-02.21.36:886][  0]LogConfig: Setting CVar [[r.VolumetricFog.GridSizeZ:128]]
[2019.05.14-02.21.36:886][  0]LogConfig: Setting CVar [[r.VolumetricFog.HistoryMissSupersampleCount:4]]
[2019.05.14-02.21.36:886][  0]LogConfig: Setting CVar [[r.LightMaxDrawDistanceScale:1]]
[2019.05.14-02.21.36:886][  0]LogConfig: Setting CVar [[r.CapsuleShadows:1]]
[2019.05.14-02.21.36:886][  0]LogConfig: Applying CVar settings from Section [PostProcessQuality@3] File [D:/githubproject/unrealproject/Saved/Config/Windows/Scalability.ini]
[2019.05.14-02.21.36:886][  0]LogConfig: Setting CVar [[r.MotionBlurQuality:4]]
[2019.05.14-02.21.36:886][  0]LogConfig: Setting CVar [[r.AmbientOcclusionMipLevelFactor:0.4]]
[2019.05.14-02.21.36:886][  0]LogConfig: Setting CVar [[r.AmbientOcclusionMaxQuality:100]]
[2019.05.14-02.21.36:886][  0]LogConfig: Setting CVar [[r.AmbientOcclusionLevels:-1]]
[2019.05.14-02.21.36:887][  0]LogConfig: Setting CVar [[r.AmbientOcclusionRadiusScale:1.0]]
[2019.05.14-02.21.36:887][  0]LogConfig: Setting CVar [[r.DepthOfFieldQuality:2]]
[2019.05.14-02.21.36:887][  0]LogConfig: Setting CVar [[r.RenderTargetPoolMin:400]]
[2019.05.14-02.21.36:887][  0]LogConfig: Setting CVar [[r.LensFlareQuality:2]]
[2019.05.14-02.21.36:887][  0]LogConfig: Setting CVar [[r.SceneColorFringeQuality:1]]
[2019.05.14-02.21.36:887][  0]LogConfig: Setting CVar [[r.EyeAdaptationQuality:2]]
[2019.05.14-02.21.36:887][  0]LogConfig: Setting CVar [[r.BloomQuality:5]]
[2019.05.14-02.21.36:887][  0]LogConfig: Setting CVar [[r.FastBlurThreshold:100]]
[2019.05.14-02.21.36:887][  0]LogConfig: Setting CVar [[r.Upscale.Quality:3]]
[2019.05.14-02.21.36:887][  0]LogConfig: Setting CVar [[r.Tonemapper.GrainQuantization:1]]
[2019.05.14-02.21.36:887][  0]LogConfig: Setting CVar [[r.LightShaftQuality:1]]
[2019.05.14-02.21.36:887][  0]LogConfig: Setting CVar [[r.Filter.SizeScale:1]]
[2019.05.14-02.21.36:887][  0]LogConfig: Setting CVar [[r.Tonemapper.Quality:5]]
[2019.05.14-02.21.36:887][  0]LogConfig: Setting CVar [[r.DOF.Gather.AccumulatorQuality:1        ; higher gathering accumulator quality]]
[2019.05.14-02.21.36:887][  0]LogConfig: Setting CVar [[r.DOF.Gather.PostfilterMethod:1          ; Median3x3 postfilering method]]
[2019.05.14-02.21.36:887][  0]LogConfig: Setting CVar [[r.DOF.Gather.EnableBokehSettings:0       ; no bokeh simulation when gathering]]
[2019.05.14-02.21.36:887][  0]LogConfig: Setting CVar [[r.DOF.Gather.RingCount:4                 ; medium number of samples when gathering]]
[2019.05.14-02.21.36:887][  0]LogConfig: Setting CVar [[r.DOF.Scatter.ForegroundCompositing:1    ; additive foreground scattering]]
[2019.05.14-02.21.36:887][  0]LogConfig: Setting CVar [[r.DOF.Scatter.BackgroundCompositing:2    ; additive background scattering]]
[2019.05.14-02.21.36:887][  0]LogConfig: Setting CVar [[r.DOF.Scatter.EnableBokehSettings:1      ; bokeh simulation when scattering]]
[2019.05.14-02.21.36:887][  0]LogConfig: Setting CVar [[r.DOF.Scatter.MaxSpriteRatio:0.1         ; only a maximum of 10% of scattered bokeh]]
[2019.05.14-02.21.36:887][  0]LogConfig: Setting CVar [[r.DOF.Recombine.Quality:1                ; cheap slight out of focus]]
[2019.05.14-02.21.36:887][  0]LogConfig: Setting CVar [[r.DOF.Recombine.EnableBokehSettings:0    ; no bokeh simulation on slight out of focus]]
[2019.05.14-02.21.36:887][  0]LogConfig: Setting CVar [[r.DOF.TemporalAAQuality:1                ; more stable temporal accumulation]]
[2019.05.14-02.21.36:887][  0]LogConfig: Setting CVar [[r.DOF.Kernel.MaxForegroundRadius:0.025]]
[2019.05.14-02.21.36:888][  0]LogConfig: Setting CVar [[r.DOF.Kernel.MaxBackgroundRadius:0.025]]
[2019.05.14-02.21.36:888][  0]LogConfig: Applying CVar settings from Section [TextureQuality@3] File [D:/githubproject/unrealproject/Saved/Config/Windows/Scalability.ini]
[2019.05.14-02.21.36:888][  0]LogConfig: Setting CVar [[r.Streaming.MipBias:0]]
[2019.05.14-02.21.36:888][  0]LogConfig: Setting CVar [[r.Streaming.AmortizeCPUToGPUCopy:0]]
[2019.05.14-02.21.36:888][  0]LogConfig: Setting CVar [[r.Streaming.MaxNumTexturesToStreamPerFrame:0]]
[2019.05.14-02.21.36:888][  0]LogConfig: Setting CVar [[r.Streaming.Boost:1]]
[2019.05.14-02.21.36:888][  0]LogConfig: Setting CVar [[r.MaxAnisotropy:8]]
[2019.05.14-02.21.36:888][  0]LogConfig: Setting CVar [[r.Streaming.LimitPoolSizeToVRAM:0]]
[2019.05.14-02.21.36:888][  0]LogConfig: Setting CVar [[r.Streaming.PoolSize:1000]]
[2019.05.14-02.21.36:888][  0]LogConfig: Setting CVar [[r.Streaming.MaxEffectiveScreenSize:0]]
[2019.05.14-02.21.36:888][  0]LogConfig: Applying CVar settings from Section [EffectsQuality@3] File [D:/githubproject/unrealproject/Saved/Config/Windows/Scalability.ini]
[2019.05.14-02.21.36:888][  0]LogConfig: Setting CVar [[r.TranslucencyLightingVolumeDim:64]]
[2019.05.14-02.21.36:888][  0]LogConfig: Setting CVar [[r.RefractionQuality:2]]
[2019.05.14-02.21.36:888][  0]LogConfig: Setting CVar [[r.SSR.Quality:3]]
[2019.05.14-02.21.36:888][  0]LogConfig: Setting CVar [[r.SceneColorFormat:4]]
[2019.05.14-02.21.36:888][  0]LogConfig: Setting CVar [[r.DetailMode:2]]
[2019.05.14-02.21.36:888][  0]LogConfig: Setting CVar [[r.TranslucencyVolumeBlur:1]]
[2019.05.14-02.21.36:888][  0]LogConfig: Setting CVar [[r.MaterialQualityLevel:1 ; High quality]]
[2019.05.14-02.21.36:888][  0]LogConfig: Setting CVar [[r.SSS.Scale:1]]
[2019.05.14-02.21.36:888][  0]LogConfig: Setting CVar [[r.SSS.SampleSet:2]]
[2019.05.14-02.21.36:888][  0]LogConfig: Setting CVar [[r.SSS.Quality:1]]
[2019.05.14-02.21.36:888][  0]LogConfig: Setting CVar [[r.SSS.HalfRes:1]]
[2019.05.14-02.21.36:888][  0]LogConfig: Setting CVar [[r.EmitterSpawnRateScale:1.0]]
[2019.05.14-02.21.36:889][  0]LogConfig: Setting CVar [[r.ParticleLightQuality:2]]
[2019.05.14-02.21.36:889][  0]LogConfig: Applying CVar settings from Section [FoliageQuality@3] File [D:/githubproject/unrealproject/Saved/Config/Windows/Scalability.ini]
[2019.05.14-02.21.36:889][  0]LogConfig: Setting CVar [[foliage.DensityScale:1.0]]
[2019.05.14-02.21.36:889][  0]LogConfig: Setting CVar [[grass.DensityScale:1.0]]
[2019.05.14-02.21.36:889][  0]LogConfig: Applying CVar settings from Section [Startup] File [../../../Engine/Config/ConsoleVariables.ini]
[2019.05.14-02.21.36:889][  0]LogConfig: Setting CVar [[net.UseAdaptiveNetUpdateFrequency:0]]
[2019.05.14-02.21.36:889][  0]LogConfig: Applying CVar settings from Section [ConsoleVariables] File [D:/githubproject/unrealproject/Saved/Config/Windows/Engine.ini]
[2019.05.14-02.21.36:890][  0]LogInit: Computer: LAPTOP-67CB7SHE
[2019.05.14-02.21.36:890][  0]LogInit: User: tombe
[2019.05.14-02.21.36:890][  0]LogInit: CPU Page size=4096, Cores=6
[2019.05.14-02.21.36:890][  0]LogInit: High frequency timer resolution =2.156249 MHz
[2019.05.14-02.21.36:890][  0]LogMemory: Memory total: Physical=15.9GB (16GB approx)
[2019.05.14-02.21.36:891][  0]LogMemory: Platform Memory Stats for Windows
[2019.05.14-02.21.36:891][  0]LogMemory: Process Physical Memory: 103.52 MB used, 103.52 MB peak
[2019.05.14-02.21.36:891][  0]LogMemory: Process Virtual Memory: 86.36 MB used, 86.36 MB peak
[2019.05.14-02.21.36:891][  0]LogMemory: Physical Memory: 3343.93 MB used,  12913.38 MB free, 16257.30 MB total
[2019.05.14-02.21.36:891][  0]LogMemory: Virtual Memory: 4660.22 MB used,  134213064.00 MB free, 134217728.00 MB total
[2019.05.14-02.21.36:950][  0]LogInit: Using OS detected language (en-US).
[2019.05.14-02.21.36:950][  0]LogInit: Using OS detected locale (en-AU).
[2019.05.14-02.21.36:972][  0]LogTextLocalizationManager: No specific localization for 'en-US' exists, so the 'en' localization will be used.
[2019.05.14-02.21.37:316][  0]LogStreaming: Display: Took  0.366s to InitEngineTextLocalization.
[2019.05.14-02.21.37:316][  0]LogInit: Setting process to per monitor DPI aware
[2019.05.14-02.21.37:647][  0]LogSlate: New Slate User Created.  User Index 0, Is Virtual User: 0
[2019.05.14-02.21.37:647][  0]LogSlate: Slate User Registered.  User Index 0, Is Virtual User: 0
[2019.05.14-02.21.44:017][  0]LogHMD: Failed to initialize OpenVR with code 108
[2019.05.14-02.21.44:017][  0]LogD3D11RHI: D3D11 adapters:
[2019.05.14-02.21.44:266][  0]LogD3D11RHI:    0. 'NVIDIA GeForce GTX 1050' (Feature Level 11_0)
[2019.05.14-02.21.44:266][  0]LogD3D11RHI:       4019/0/8128 MB DedicatedVideo/DedicatedSystem/SharedSystem, Outputs:1, VendorId:0x10de
[2019.05.14-02.21.44:301][  0]LogD3D11RHI:    1. 'Intel(R) UHD Graphics 630' (Feature Level 11_0)
[2019.05.14-02.21.44:301][  0]LogD3D11RHI:       128/0/8128 MB DedicatedVideo/DedicatedSystem/SharedSystem, Outputs:0, VendorId:0x8086
[2019.05.14-02.21.44:310][  0]LogD3D11RHI:    2. 'Microsoft Basic Render Driver' (Feature Level 11_0)
[2019.05.14-02.21.44:310][  0]LogD3D11RHI:       0/0/8128 MB DedicatedVideo/DedicatedSystem/SharedSystem, Outputs:0, VendorId:0x1414
[2019.05.14-02.21.44:310][  0]LogD3D11RHI: Chosen D3D11 Adapter: 0
[2019.05.14-02.21.44:346][  0]LogD3D11RHI: Creating new Direct3DDevice
[2019.05.14-02.21.44:346][  0]LogD3D11RHI:     GPU DeviceId: 0x1c8d (for the marketing name, search the web for "GPU Device Id")
[2019.05.14-02.21.44:346][  0]LogWindows: EnumDisplayDevices:
[2019.05.14-02.21.44:347][  0]LogWindows:    0. 'Intel(R) UHD Graphics 630' (P:1 D:1)
[2019.05.14-02.21.44:348][  0]LogWindows:    1. 'Intel(R) UHD Graphics 630' (P:0 D:0)
[2019.05.14-02.21.44:348][  0]LogWindows:    2. 'Intel(R) UHD Graphics 630' (P:0 D:0)
[2019.05.14-02.21.44:349][  0]LogWindows:    3. 'NVIDIA GeForce GTX 1050' (P:0 D:0)
[2019.05.14-02.21.44:349][  0]LogWindows:    4. 'NVIDIA GeForce GTX 1050' (P:0 D:0)
[2019.05.14-02.21.44:350][  0]LogWindows:    5. 'NVIDIA GeForce GTX 1050' (P:0 D:0)
[2019.05.14-02.21.44:350][  0]LogWindows:    6. 'NVIDIA GeForce GTX 1050' (P:0 D:0)
[2019.05.14-02.21.44:350][  0]LogWindows: DebugString: PrimaryIsNotTheChoosenAdapter PrimaryIsNotTheChoosenAdapter PrimaryIsNotTheChoosenAdapter FoundDriverCount:4 
[2019.05.14-02.21.44:350][  0]LogD3D11RHI:     Adapter Name: NVIDIA GeForce GTX 1050
[2019.05.14-02.21.44:351][  0]LogD3D11RHI:   Driver Version: 425.31 (internal:25.21.14.2531, unified:425.31)
[2019.05.14-02.21.44:351][  0]LogD3D11RHI:      Driver Date: 4-9-2019
[2019.05.14-02.21.44:352][  0]LogRHI: Texture pool is 2813 MB (70% of 4019 MB)
[2019.05.14-02.21.44:438][  0]LogD3D11RHI: Async texture creation enabled
[2019.05.14-02.21.44:864][  0]LogD3D11RHI: GPU Timing Frequency: 1000.000000 (Debug: 2 1)
[2019.05.14-02.21.45:887][  0]LogTemp: Display: Loaded TP AllDesktopTargetPlatform
[2019.05.14-02.21.45:914][  0]LogTemp: Display: Loaded TP MacClientTargetPlatform
[2019.05.14-02.21.45:948][  0]LogTemp: Display: Loaded TP MacNoEditorTargetPlatform
[2019.05.14-02.21.45:966][  0]LogTemp: Display: Loaded TP MacServerTargetPlatform
[2019.05.14-02.21.46:010][  0]LogTemp: Display: Loaded TP MacTargetPlatform
[2019.05.14-02.21.46:058][  0]LogTemp: Display: Loaded TP WindowsClientTargetPlatform
[2019.05.14-02.21.46:077][  0]LogTemp: Display: Loaded TP WindowsNoEditorTargetPlatform
[2019.05.14-02.21.46:097][  0]LogTemp: Display: Loaded TP WindowsServerTargetPlatform
[2019.05.14-02.21.46:128][  0]LogTemp: Display: Loaded TP WindowsTargetPlatform
[2019.05.14-02.21.46:339][  0]LogTemp: Display: Loaded TP AndroidTargetPlatform
[2019.05.14-02.21.46:339][  0]LogTemp: Display: Loaded TP AndroidTargetPlatform
[2019.05.14-02.21.46:339][  0]LogTemp: Display: Loaded TP AndroidTargetPlatform
[2019.05.14-02.21.46:339][  0]LogTemp: Display: Loaded TP AndroidTargetPlatform
[2019.05.14-02.21.46:339][  0]LogTemp: Display: Loaded TP AndroidTargetPlatform
[2019.05.14-02.21.46:339][  0]LogTemp: Display: Loaded TP AndroidTargetPlatform
[2019.05.14-02.21.46:339][  0]LogTemp: Display: Loaded TP AndroidTargetPlatform
[2019.05.14-02.21.46:339][  0]LogTemp: Display: Loaded TP AndroidTargetPlatform
[2019.05.14-02.21.46:339][  0]LogTemp: Display: Loaded TP AndroidTargetPlatform
[2019.05.14-02.21.46:339][  0]LogTemp: Display: Loaded TP AndroidTargetPlatform
[2019.05.14-02.21.46:339][  0]LogTemp: Display: Loaded TP AndroidTargetPlatform
[2019.05.14-02.21.46:339][  0]LogTemp: Display: Loaded TP AndroidTargetPlatform
[2019.05.14-02.21.46:339][  0]LogTemp: Display: Loaded TP AndroidTargetPlatform
[2019.05.14-02.21.46:339][  0]LogTemp: Display: Loaded TP AndroidTargetPlatform
[2019.05.14-02.21.46:339][  0]LogTemp: Display: Loaded TP AndroidTargetPlatform
[2019.05.14-02.21.46:339][  0]LogTemp: Display: Loaded TP AndroidTargetPlatform
[2019.05.14-02.21.46:339][  0]LogTemp: Display: Loaded TP AndroidTargetPlatform
[2019.05.14-02.21.46:339][  0]LogTemp: Display: Loaded TP AndroidTargetPlatform
[2019.05.14-02.21.46:404][  0]LogTemp: Display: Loaded TP HTML5TargetPlatform
[2019.05.14-02.21.46:601][  0]LogTemp: Display: Loaded TP IOSTargetPlatform
[2019.05.14-02.21.46:601][  0]LogTemp: Display: Loaded TP IOSTargetPlatform
[2019.05.14-02.21.46:627][  0]LogTemp: Display: Loaded TP TVOSTargetPlatform
[2019.05.14-02.21.46:627][  0]LogTemp: Display: Loaded TP TVOSTargetPlatform
[2019.05.14-02.21.46:659][  0]LogTemp: Display: Loaded TP LinuxClientTargetPlatform
[2019.05.14-02.21.46:677][  0]LogTemp: Display: Loaded TP LinuxNoEditorTargetPlatform
[2019.05.14-02.21.46:695][  0]LogTemp: Display: Loaded TP LinuxServerTargetPlatform
[2019.05.14-02.21.46:717][  0]LogTemp: Display: Loaded TP LinuxTargetPlatform
[2019.05.14-02.21.46:763][  0]LogTemp: Display: Loaded TP LuminTargetPlatform
[2019.05.14-02.21.46:763][  0]LogTemp: Display: Loaded TP LuminTargetPlatform
[2019.05.14-02.21.46:763][  0]LogTargetPlatformManager: Display: Building Assets For Windows
[2019.05.14-02.21.47:676][  0]LogShaderCompilers: Guid format shader working directory is 6 characters bigger than the processId version (../../../../githubproject/unrealproject/Intermediate/Shaders/WorkingDirectory/12984/).
[2019.05.14-02.21.47:676][  0]LogShaderCompilers: Cleaned the shader compiler working directory 'C:/Users/tombe/AppData/Local/Temp/UnrealShaderWorkingDir/26E4C3304CEE7E5661C663A150CD753C/'.
[2019.05.14-02.21.47:686][  0]LogXGEController: Cannot use XGE Controller as Incredibuild is not installed on this machine.
[2019.05.14-02.21.47:686][  0]LogShaderCompilers: Cannot use XGE Shader Compiler as Incredibuild is not installed on this machine.
[2019.05.14-02.21.47:686][  0]LogShaderCompilers: Display: Using Local Shader Compiler.
[2019.05.14-02.21.50:242][  0]LogDerivedDataCache: Display: Max Cache Size: 512 MB
[2019.05.14-02.21.50:359][  0]LogDerivedDataCache: Loaded boot cache 0.12s 72MB C:/Users/tombe/AppData/Local/UnrealEngine/4.21/DerivedDataCache/Boot.ddc.
[2019.05.14-02.21.50:359][  0]LogDerivedDataCache: Display: Loaded Boot cache: C:/Users/tombe/AppData/Local/UnrealEngine/4.21/DerivedDataCache/Boot.ddc
[2019.05.14-02.21.50:359][  0]LogDerivedDataCache: FDerivedDataBackendGraph:  Pak pak cache file ../../../../githubproject/unrealproject/DerivedDataCache/DDC.ddp not found, will not use a pak cache.
[2019.05.14-02.21.50:359][  0]LogDerivedDataCache: Unable to find inner node Pak for hierarchical cache Hierarchy.
[2019.05.14-02.21.50:359][  0]LogDerivedDataCache: FDerivedDataBackendGraph:  CompressedPak pak cache file ../../../../githubproject/unrealproject/DerivedDataCache/Compressed.ddp not found, will not use a pak cache.
[2019.05.14-02.21.50:359][  0]LogDerivedDataCache: Unable to find inner node CompressedPak for hierarchical cache Hierarchy.
[2019.05.14-02.21.50:489][  0]LogDerivedDataCache: Display: Pak cache opened for reading ../../../Engine/DerivedDataCache/Compressed.ddp.
[2019.05.14-02.21.50:489][  0]LogDerivedDataCache: FDerivedDataBackendGraph:  EnterprisePak pak cache file ../../../Enterprise/DerivedDataCache/Compressed.ddp not found, will not use a pak cache.
[2019.05.14-02.21.50:489][  0]LogDerivedDataCache: Unable to find inner node EnterprisePak for hierarchical cache Hierarchy.
[2019.05.14-02.21.50:502][  0]LogDerivedDataCache: Using Local data cache path C:/Users/tombe/AppData/Local/UnrealEngine/Common/DerivedDataCache: Writable
[2019.05.14-02.21.50:502][  0]LogDerivedDataCache: Shared data cache path not found in *engine.ini, will not use an Shared cache.
[2019.05.14-02.21.50:502][  0]LogDerivedDataCache: Unable to find inner node Shared for hierarchical cache Hierarchy.
[2019.05.14-02.21.50:854][  0]LogMaterial: Verifying Global Shaders for PCD3D_SM5
[2019.05.14-02.21.51:010][  0]LogSlate: Using FreeType 2.6.0
[2019.05.14-02.21.51:135][  0]LogSlate: SlateFontServices - WITH_FREETYPE: 1, WITH_HARFBUZZ: 1
[2019.05.14-02.21.52:025][  0]LogAssetRegistry: FAssetRegistry took 0.0454 seconds to start up
[2019.05.14-02.21.55:302][  0]LogInit: Selected Device Profile: [Windows]
[2019.05.14-02.21.59:083][  0]LogSimplygon: Simplygon DLL not present - disabling.
[2019.05.14-02.21.59:686][  0]LogMeshReduction: Using SimplygonSwarm for distributed automatic mesh merging
[2019.05.14-02.21.59:686][  0]LogMeshReduction: Using ProxyLODMeshReduction for automatic mesh merging
[2019.05.14-02.21.59:687][  0]LogMeshReduction: Using QuadricMeshReduction for automatic static mesh reduction
[2019.05.14-02.21.59:687][  0]LogMeshReduction: No automatic skeletal mesh reduction module available
[2019.05.14-02.22.00:244][  0]LogNetVersion: unrealproject 1.0.0, NetCL: 4541578, EngineNetVer: 5, GameNetVer: 0 (Checksum: 525726521)
[2019.05.14-02.22.02:919][  0]LogConfig: Warning: Failed to saved backup for config[../../../../githubproject/unrealproject/Intermediate/Config/CoalescedSourceConfigs/GameplayTags.ini]
[2019.05.14-02.22.06:405][  0]LogAssetRegistry: Error: Failed to open file for write ../../../../githubproject/unrealproject/Intermediate/AssetRegistryCache/2657c409.bin
[2019.05.14-02.22.06:438][  0]LogAssetRegistry: Error: Failed to open file for write ../../../../githubproject/unrealproject/Intermediate/AssetRegistryCache/866581fd.bin
[2019.05.14-02.22.06:459][  0]LogAssetRegistry: Error: Failed to open file for write ../../../../githubproject/unrealproject/Intermediate/AssetRegistryCache/8c0e1344.bin
[2019.05.14-02.22.06:479][  0]LogAssetRegistry: Error: Failed to open file for write ../../../../githubproject/unrealproject/Intermediate/AssetRegistryCache/c9e91a3f.bin
[2019.05.14-02.22.06:499][  0]LogAssetRegistry: Error: Failed to open file for write ../../../../githubproject/unrealproject/Intermediate/AssetRegistryCache/30e2b9c2.bin
[2019.05.14-02.22.06:518][  0]LogAssetRegistry: Error: Failed to open file for write ../../../../githubproject/unrealproject/Intermediate/AssetRegistryCache/50a675f9.bin
[2019.05.14-02.22.06:538][  0]LogAssetRegistry: Error: Failed to open file for write ../../../../githubproject/unrealproject/Intermediate/AssetRegistryCache/094e7c10.bin
[2019.05.14-02.22.06:557][  0]LogAssetRegistry: Error: Failed to open file for write ../../../../githubproject/unrealproject/Intermediate/AssetRegistryCache/8e9331e2.bin
[2019.05.14-02.22.06:577][  0]LogAssetRegistry: Error: Failed to open file for write ../../../../githubproject/unrealproject/Intermediate/AssetRegistryCache/52ed2538.bin
[2019.05.14-02.22.06:596][  0]LogAssetRegistry: Error: Failed to open file for write ../../../../githubproject/unrealproject/Intermediate/AssetRegistryCache/f0d5030c.bin
[2019.05.14-02.22.06:616][  0]LogAssetRegistry: Error: Failed to open file for write ../../../../githubproject/unrealproject/Intermediate/AssetRegistryCache/1f683343.bin
[2019.05.14-02.22.06:623][  0]LogPackageLocalizationCache: Processed 11 localized package path(s) for 2 prioritized culture(s) in 0.241280 seconds
[2019.05.14-02.22.06:651][  0]LogUObjectArray: 39775 objects as part of root set at end of initial load.
[2019.05.14-02.22.06:651][  0]LogUObjectAllocator: 6914656 out of 0 bytes used by permanent object pool.
[2019.05.14-02.22.06:651][  0]LogUObjectArray: CloseDisregardForGC: 0/0 objects in disregard for GC pool
[2019.05.14-02.22.21:931][  0]LogTcpMessaging: Initializing TcpMessaging bridge
[2019.05.14-02.22.22:019][  0]LogUdpMessaging: Initializing bridge on interface 0.0.0.0:0 to multicast group 230.0.0.1:6666.
[2019.05.14-02.22.25:132][  0]SourceControl: Source control is disabled
[2019.05.14-02.22.25:133][  0]SourceControl: Source control is disabled
[2019.05.14-02.22.25:333][  0]SourceControl: Source control is disabled
[2019.05.14-02.22.25:385][  0]SourceControl: Source control is disabled
[2019.05.14-02.22.28:151][  0]LogAndroidPermission: UAndroidPermissionCallbackProxy::GetInstance
[2019.05.14-02.22.28:549][  0]LogOcInput: OculusInput pre-init called
[2019.05.14-02.22.29:992][  0]LogEngine: Initializing Engine...
[2019.05.14-02.22.30:918][  0]LogHMD: Failed to initialize OpenVR with code 108
[2019.05.14-02.22.30:924][  0]LogStats: UGameplayTagsManager::ConstructGameplayTagTree: ImportINI prefixes -  0.000 s
[2019.05.14-02.22.30:924][  0]LogStats: UGameplayTagsManager::ConstructGameplayTagTree: Construct from data asset -  0.000 s
[2019.05.14-02.22.30:925][  0]LogStats: UGameplayTagsManager::ConstructGameplayTagTree: ImportINI -  0.001 s
[2019.05.14-02.22.30:925][  0]LogStats: UGameplayTagsManager::ConstructGameplayTagTree: GameplayTagTreeChangedEvent.Broadcast -  0.000 s
[2019.05.14-02.22.31:782][  0]LogInit: Initializing FReadOnlyCVARCache
[2019.05.14-02.22.32:239][  0]LogAIModule: Creating AISystem for world Untitled
[2019.05.14-02.22.32:321][  0]LogInit: XAudio2 using 'Speakers (Realtek(R) Audio)' : 2 channels at 48 kHz using 32 bits per sample (channel mask 0x3)
[2019.05.14-02.22.33:285][  0]LogInit: FAudioDevice initialized.
[2019.05.14-02.22.33:285][  0]LogNetVersion: Set ProjectVersion to 1.0.0.0. Version Checksum will be recalculated on next use.
[2019.05.14-02.22.33:388][  0]LogDerivedDataCache: Saved boot cache 0.10s 72MB C:/Users/tombe/AppData/Local/UnrealEngine/4.21/DerivedDataCache/Boot.ddc.
[2019.05.14-02.22.33:422][  0]LogInit: Texture streaming: Enabled
[2019.05.14-02.22.33:539][  0]LogEngineSessionManager: EngineSessionManager initialized
[2019.05.14-02.22.33:607][  0]LogWindowsTextInputMethodSystem: Display: IME system now deactivated.
[2019.05.14-02.22.33:710][  0]LogInit: Transaction tracking system initialized
[2019.05.14-02.22.34:206][  0]BlueprintLog: New page: Editor Load
[2019.05.14-02.22.35:312][  0]LocalizationService: Localization service is disabled
[2019.05.14-02.22.38:988][  0]LogFileCache: Scanning file cache for directory 'D:/githubproject/unrealproject/Content/' took 0.04s
[2019.05.14-02.22.38:988][  0]LogCook: Display: Max memory allowance for cook 16384mb min free memory 0mb
[2019.05.14-02.22.38:988][  0]LogCook: Display: Mobile HDR setting 1
[2019.05.14-02.22.38:988][  0]LogGameplayTags: Display: UGameplayTagsManager::DoneAddingNativeTags. DelegateIsBound: 0
[2019.05.14-02.22.38:988][  0]LogStats: UGameplayTagsManager::ConstructGameplayTagTree: ImportINI prefixes -  0.000 s
[2019.05.14-02.22.38:988][  0]LogStats: UGameplayTagsManager::ConstructGameplayTagTree: Construct from data asset -  0.000 s
[2019.05.14-02.22.38:988][  0]LogStats: UGameplayTagsManager::ConstructGameplayTagTree: ImportINI -  0.000 s
[2019.05.14-02.22.38:988][  0]LogStats: UGameplayTagsManager::ConstructGameplayTagTree: GameplayTagTreeChangedEvent.Broadcast -  0.000 s
[2019.05.14-02.22.42:297][  0]SourceControl: Source control is disabled
[2019.05.14-02.22.42:343][  0]Cmd: MAP LOAD FILE="../../../Engine/Content/Maps/Templates/Template_Default.umap" TEMPLATE=1 SHOWPROGRESS=1 FEATURELEVEL=3
[2019.05.14-02.22.42:401][  0]LightingResults: New page: Lighting Build
[2019.05.14-02.22.42:625][  0]MapCheck: New page: Map Check
[2019.05.14-02.22.42:626][  0]LightingResults: New page: Lighting Build
[2019.05.14-02.22.44:194][  0]LogAIModule: Creating AISystem for world Untitled_1
[2019.05.14-02.22.44:739][  0]LogEditorServer: Finished looking for orphan Actors (0.000 secs)
[2019.05.14-02.22.44:867][  0]Cmd: MAP CHECKDEP NOCLEARLOG
[2019.05.14-02.22.44:867][  0]MapCheck: Map check complete: 0 Error(s), 0 Warning(s), took 0.205ms to complete.
[2019.05.14-02.22.44:867][  0]LogFileHelpers: Loading map 'Template_Default' took 2.562
[2019.05.14-02.22.46:491][  0]LogSlate: Updating window title bar state: overlay mode, drag disabled, window buttons hidden, title bar hidden
[2019.05.14-02.22.46:517][  0]LogSlate: Updating window title bar state: overlay mode, drag disabled, window buttons hidden, title bar hidden
[2019.05.14-02.22.46:540][  0]LogSlate: Updating window title bar state: overlay mode, drag disabled, window buttons hidden, title bar hidden
[2019.05.14-02.22.46:564][  0]LogSlate: Updating window title bar state: overlay mode, drag disabled, window buttons hidden, title bar hidden
[2019.05.14-02.22.46:662][  0]LogCollectionManager: Loaded 0 collections in 0.005428 seconds
[2019.05.14-02.22.46:779][  0]LogFileCache: Scanning file cache for directory 'D:/githubproject/unrealproject/Saved/Collections/' took 0.01s
[2019.05.14-02.22.46:779][  0]LogFileCache: Scanning file cache for directory 'D:/githubproject/unrealproject/Content/Developers/tombe/Collections/' took 0.00s
[2019.05.14-02.22.46:779][  0]LogFileCache: Scanning file cache for directory 'D:/githubproject/unrealproject/Content/Collections/' took 0.00s
[2019.05.14-02.22.46:780][  0]LogCollectionManager: Rebuilt the GUID cache for 0 collections in 0.000000 seconds
[2019.05.14-02.22.46:807][  0]LogContentBrowser: Native class hierarchy populated in 0.0281 seconds. Added 2651 classes and 620 folders.
[2019.05.14-02.22.46:883][  0]LogContentBrowser: Native class hierarchy updated for 'WidgetCarousel' in 0.0007 seconds. Added 0 classes and 0 folders.
[2019.05.14-02.22.46:960][  0]LogPakFile: Registered encryption key '00000000000000000000000000000000': 0 pak files mounted, 0 remain pending
[2019.05.14-02.22.47:001][  0]LogPakFile: Registered encryption key '00000000000000000000000000000000': 0 pak files mounted, 0 remain pending
[2019.05.14-02.22.47:064][  0]LogPakFile: Registered encryption key '00000000000000000000000000000000': 0 pak files mounted, 0 remain pending
[2019.05.14-02.22.47:084][  0]LogPakFile: Registered encryption key '00000000000000000000000000000000': 0 pak files mounted, 0 remain pending
[2019.05.14-02.22.47:100][  0]LogPakFile: Registered encryption key '00000000000000000000000000000000': 0 pak files mounted, 0 remain pending
[2019.05.14-02.22.47:119][  0]LogPakFile: Registered encryption key '00000000000000000000000000000000': 0 pak files mounted, 0 remain pending
[2019.05.14-02.22.47:134][  0]LogPakFile: Registered encryption key '00000000000000000000000000000000': 0 pak files mounted, 0 remain pending
[2019.05.14-02.22.47:158][  0]LogPakFile: Registered encryption key '00000000000000000000000000000000': 0 pak files mounted, 0 remain pending
[2019.05.14-02.22.47:174][  0]LogPakFile: Registered encryption key '00000000000000000000000000000000': 0 pak files mounted, 0 remain pending
[2019.05.14-02.22.47:192][  0]LogPakFile: Registered encryption key '00000000000000000000000000000000': 0 pak files mounted, 0 remain pending
[2019.05.14-02.22.47:234][  0]LogPakFile: Registered encryption key '00000000000000000000000000000000': 0 pak files mounted, 0 remain pending
[2019.05.14-02.22.47:255][  0]LogPakFile: Registered encryption key '00000000000000000000000000000000': 0 pak files mounted, 0 remain pending
[2019.05.14-02.22.47:297][  0]LogPakFile: Registered encryption key '00000000000000000000000000000000': 0 pak files mounted, 0 remain pending
[2019.05.14-02.22.47:311][  0]LogPakFile: Registered encryption key '00000000000000000000000000000000': 0 pak files mounted, 0 remain pending
[2019.05.14-02.22.47:326][  0]LogPakFile: Registered encryption key '00000000000000000000000000000000': 0 pak files mounted, 0 remain pending
[2019.05.14-02.22.47:341][  0]LogPakFile: Registered encryption key '00000000000000000000000000000000': 0 pak files mounted, 0 remain pending
[2019.05.14-02.22.47:399][  0]LogPakFile: Registered encryption key '00000000000000000000000000000000': 0 pak files mounted, 0 remain pending
[2019.05.14-02.22.47:406][  0]LogPakFile: Registered encryption key '00000000000000000000000000000000': 0 pak files mounted, 0 remain pending
[2019.05.14-02.22.47:414][  0]LogPakFile: Registered encryption key '00000000000000000000000000000000': 0 pak files mounted, 0 remain pending
[2019.05.14-02.22.47:430][  0]LogPakFile: Registered encryption key '00000000000000000000000000000000': 0 pak files mounted, 0 remain pending
[2019.05.14-02.22.47:483][  0]LogPakFile: Registered encryption key '00000000000000000000000000000000': 0 pak files mounted, 0 remain pending
[2019.05.14-02.22.47:495][  0]LogPakFile: Registered encryption key '00000000000000000000000000000000': 0 pak files mounted, 0 remain pending
[2019.05.14-02.22.47:512][  0]LogPakFile: Registered encryption key '00000000000000000000000000000000': 0 pak files mounted, 0 remain pending
[2019.05.14-02.22.47:527][  0]LogPakFile: Registered encryption key '00000000000000000000000000000000': 0 pak files mounted, 0 remain pending
[2019.05.14-02.22.47:568][  0]LogPakFile: Registered encryption key '00000000000000000000000000000000': 0 pak files mounted, 0 remain pending
[2019.05.14-02.22.47:595][  0]LogPakFile: Registered encryption key '00000000000000000000000000000000': 0 pak files mounted, 0 remain pending
[2019.05.14-02.22.49:787][  0]LogContentBrowser: Native class hierarchy updated for 'AddContentDialog' in 0.0007 seconds. Added 0 classes and 0 folders.
[2019.05.14-02.22.49:927][  0]LogContentBrowser: Native class hierarchy updated for 'SceneOutliner' in 0.0007 seconds. Added 1 classes and 2 folders.
[2019.05.14-02.22.50:523][  0]LogSlate: Took 0.016956 seconds to synchronously load lazily loaded font '../../../Engine/Content/Slate/Fonts/Roboto-Regular.ttf' (155K)
[2019.05.14-02.22.50:553][  0]LogSlate: Took 0.027315 seconds to synchronously load lazily loaded font '../../../Engine/Content/Slate/Fonts/Roboto-Bold.ttf' (160K)
[2019.05.14-02.22.50:673][  0]LogSlate: Took 0.034306 seconds to synchronously load lazily loaded font '../../../Engine/Content/Editor/Slate/Fonts/FontAwesome.ttf' (139K)
[2019.05.14-02.22.51:460][  0]LogRenderer: Reallocating scene render targets to support 960x452 Format 10 NumSamples 1 (Frame:1).
[2019.05.14-02.22.52:460][  0]LogContentBrowser: Native class hierarchy updated for 'HierarchicalLODOutliner' in 0.0009 seconds. Added 0 classes and 0 folders.
[2019.05.14-02.22.52:460][  0]LogLoad: (Engine Initialization) Total time: 77.80 seconds
[2019.05.14-02.22.52:460][  0]LogLoad: (Engine Initialization) Total Blueprint compile time: 0.00 seconds
[2019.05.14-02.22.52:722][  0]LogContentStreaming: Texture pool size now 1000 MB
[2019.05.14-02.22.52:914][  1]LogAssetRegistry: Asset discovery search completed in 60.9113 seconds
[2019.05.14-02.22.52:915][  1]LogCollectionManager: Rebuilt the object cache for 0 collections in 0.000000 seconds (found 0 objects)
[2019.05.14-02.22.52:915][  1]LogCollectionManager: Fixed up redirectors for 0 collections in 0.000066 seconds (updated 0 objects)
[2019.05.14-02.22.53:584][ 14]LogSlate: Took 0.025085 seconds to synchronously load lazily loaded font '../../../Engine/Content/Slate/Fonts/Roboto-Light.ttf' (167K)
[2019.05.14-02.22.56:795][105]LogSlate: FSceneViewport::OnFocusLost() reason 0
[2019.05.14-02.22.56:854][108]LogSlate: Took 0.000358 seconds to synchronously load lazily loaded font '../../../Engine/Content/Slate/Fonts/Roboto-Light.ttf' (167K)
[2019.05.14-02.22.59:445][190]LogSlate: FSceneViewport::OnFocusLost() reason 0
[2019.05.14-02.24.44:894][854]LogLinker: Warning: Can't find file '/Game/Models/Material__2'
[2019.05.14-02.24.44:894][854]LogLinker: Warning: Can't find file for asset '/Game/Models/Material__2' while loading ../../../../githubproject/unrealproject/Content/Models/Can_Model.uasset.
[2019.05.14-02.24.44:895][854]LoadErrors: Error: /Game/Models/Can_Model : Can't find file for asset. /Game/Models/Material__2
[2019.05.14-02.24.44:895][854]LogLinker: Warning: Can't find file '/Game/Models/Material__2'
[2019.05.14-02.24.44:895][854]LogLinker: Warning: Can't find file for asset '/Game/Models/Material__2' while loading ../../../../githubproject/unrealproject/Content/Models/Can_Model.uasset.
[2019.05.14-02.24.45:832][854]LogLinker: Warning: Can't find file '/Game/Models/Material__2'
[2019.05.14-02.24.45:832][854]LoadErrors: Failed to load /Game/Models/Material__2.Material__2 Referenced by Can_Model
[2019.05.14-02.24.45:833][854]LogLinker: Warning: Can't find file for asset '/Game/Models/Material__2' while loading NULL.
[2019.05.14-02.24.45:833][854]LogLinker: Warning: Can't find file '/Game/Models/Material__2'
[2019.05.14-02.24.45:834][854]LogLinker: Warning: Can't find file for asset '/Game/Models/Material__2' while loading NULL.
[2019.05.14-02.24.46:732][854]LogAIModule: Creating AISystem for world Movement_Test
[2019.05.14-02.24.46:837][854]LogAssetEditorManager: Opening Asset editor for World /Game/Test_Levels/Movement_Test.Movement_Test
[2019.05.14-02.24.46:931][854]Cmd: MAP LOAD FILE="../../../../githubproject/unrealproject/Content/Test_Levels/Movement_Test.umap" TEMPLATE=0 SHOWPROGRESS=1 FEATURELEVEL=3
[2019.05.14-02.24.46:931][854]LightingResults: New page: Lighting Build
[2019.05.14-02.24.46:932][854]LoadErrors: New page: Loading map: Movement_Test.umap
[2019.05.14-02.24.46:942][854]MapCheck: New page: Map Check
[2019.05.14-02.24.46:942][854]LightingResults: New page: Lighting Build
[2019.05.14-02.24.47:074][854]LogEditorServer: Finished looking for orphan Actors (0.000 secs)
[2019.05.14-02.24.47:136][854]Cmd: MAP CHECKDEP NOCLEARLOG
[2019.05.14-02.24.47:137][854]MapCheck: Map check complete: 0 Error(s), 0 Warning(s), took 0.377ms to complete.
[2019.05.14-02.24.47:137][854]LogFileHelpers: Loading map 'Movement_Test' took 0.222
[2019.05.14-02.25.02:292][307]LogSlate: FSceneViewport::OnFocusLost() reason 0
[2019.05.14-02.25.29:373][882]LogActorFactory: Actor Factory created items_tree15
[2019.05.14-02.25.30:658][919]LogActorFactory: Actor Factory created items_tree15
[2019.05.14-02.27.32:899][458]LogSlate: FSceneViewport::OnFocusLost() reason 0
[2019.05.14-02.27.33:099][459]LogActorFactory: Actor Factory created items_tree14
[2019.05.14-02.27.35:680][490]LogActorFactory: Actor Factory created items_tree14
[2019.05.14-02.27.53:023][995]LogSlate: FSceneViewport::OnFocusLost() reason 0
[2019.05.14-02.27.53:088][996]LogTemp: Repeating last play command: Selected Viewport
[2019.05.14-02.27.53:228][996]LogBlueprintUserMessages: Early PlayInEditor Detection: Level '/Game/Test_Levels/Movement_Test.Movement_Test:PersistentLevel' has LevelScriptBlueprint '/Game/Test_Levels/Movement_Test.Movement_Test:PersistentLevel.Movement_Test' with GeneratedClass '/Game/Test_Levels/Movement_Test.Movement_Test_C' with ClassGeneratedBy '/Game/Test_Levels/Movement_Test.Movement_Test:PersistentLevel.Movement_Test'
[2019.05.14-02.27.53:249][996]LogPlayLevel: PlayLevel: No blueprints needed recompiling
[2019.05.14-02.27.53:266][996]PIE: New page: PIE session: Movement_Test (14 May 2019 10:27:53 pm)
[2019.05.14-02.27.53:332][996]LogPlayLevel: Creating play world package: /Game/Test_Levels/UEDPIE_0_Movement_Test
[2019.05.14-02.27.53:345][996]LogPlayLevel: PIE: StaticDuplicateObject took: (0.012252s)
[2019.05.14-02.27.53:346][996]LogAIModule: Creating AISystem for world Movement_Test
[2019.05.14-02.27.53:347][996]LogPlayLevel: PIE: World Init took: (0.001959s)
[2019.05.14-02.27.53:347][996]LogPlayLevel: PIE: Created PIE world by copying editor world from /Game/Test_Levels/Movement_Test.Movement_Test to /Game/Test_Levels/UEDPIE_0_Movement_Test.Movement_Test (0.015131s)
[2019.05.14-02.27.53:439][996]LogInit: XAudio2 using 'Speakers (Realtek(R) Audio)' : 2 channels at 48 kHz using 32 bits per sample (channel mask 0x3)
[2019.05.14-02.27.53:477][996]LogInit: FAudioDevice initialized.
[2019.05.14-02.27.53:609][996]LogLoad: Game class is 'Blob_GM_C'
[2019.05.14-02.27.53:640][996]LogWorld: Bringing World /Game/Test_Levels/UEDPIE_0_Movement_Test.Movement_Test up for play (max tick rate 60) at 2019.05.14-12.27.53
[2019.05.14-02.27.53:646][996]LogWorld: Bringing up level for play took: 0.009187
[2019.05.14-02.27.53:764][996]LogContentBrowser: Native class hierarchy updated for 'MovieSceneCapture' in 0.0011 seconds. Added 20 classes and 0 folders.
[2019.05.14-02.27.53:786][996]PIE: Play in editor start time for /Game/Test_Levels/UEDPIE_0_Movement_Test 1.363
[2019.05.14-02.27.53:786][996]LogBlueprintUserMessages: Late PlayInEditor Detection: Level '/Game/Test_Levels/Movement_Test.Movement_Test:PersistentLevel' has LevelScriptBlueprint '/Game/Test_Levels/Movement_Test.Movement_Test:PersistentLevel.Movement_Test' with GeneratedClass '/Game/Test_Levels/Movement_Test.Movement_Test_C' with ClassGeneratedBy '/Game/Test_Levels/Movement_Test.Movement_Test:PersistentLevel.Movement_Test'
[2019.05.14-02.28.22:008][836]LogBlueprintUserMessages: Early EndPlayMap Detection: Level '/Game/Test_Levels/Movement_Test.Movement_Test:PersistentLevel' has LevelScriptBlueprint '/Game/Test_Levels/Movement_Test.Movement_Test:PersistentLevel.Movement_Test' with GeneratedClass '/Game/Test_Levels/Movement_Test.Movement_Test_C' with ClassGeneratedBy '/Game/Test_Levels/Movement_Test.Movement_Test:PersistentLevel.Movement_Test'
[2019.05.14-02.28.22:009][836]LogSlate: Updating window title bar state: overlay mode, drag disabled, window buttons hidden, title bar hidden
[2019.05.14-02.28.22:083][836]LogPlayLevel: Display: Shutting down PIE online subsystems
[2019.05.14-02.28.22:084][836]LogBlueprintUserMessages: Late EndPlayMap Detection: Level '/Game/Test_Levels/Movement_Test.Movement_Test:PersistentLevel' has LevelScriptBlueprint '/Game/Test_Levels/Movement_Test.Movement_Test:PersistentLevel.Movement_Test' with GeneratedClass '/Game/Test_Levels/Movement_Test.Movement_Test_C' with ClassGeneratedBy '/Game/Test_Levels/Movement_Test.Movement_Test:PersistentLevel.Movement_Test'
[2019.05.14-02.28.22:173][836]LogSlate: Updating window title bar state: overlay mode, drag disabled, window buttons hidden, title bar hidden
[2019.05.14-02.28.22:225][837]LogPlayLevel: Display: Destroying online subsystem :Context_3
[2019.05.14-02.28.27:561][958]LogSlate: FSceneViewport::OnFocusLost() reason 2
[2019.05.14-02.28.27:648][958]Cmd: OBJ SAVEPACKAGE PACKAGE="/Game/Test_Levels/Movement_Test" FILE="../../../../githubproject/unrealproject/Content/Test_Levels/Movement_Test.umap" SILENT=true AUTOSAVING=false KEEPDIRTY=false
[2019.05.14-02.28.28:496][958]LogSavePackage: Moving '../../../../githubproject/unrealproject/Saved/Movement_Test0B89DDB343159E4F704F8DBE17759897.tmp' to '../../../../githubproject/unrealproject/Content/Test_Levels/Movement_Test.umap'
[2019.05.14-02.28.28:617][958]Cmd: OBJ SAVEPACKAGE PACKAGE="/Game/Test_Levels/Movement_Test_BuiltData" FILE="../../../../githubproject/unrealproject/Content/Test_Levels/Movement_Test_BuiltData.uasset" SILENT=true
[2019.05.14-02.28.28:814][958]LogSavePackage: Moving '../../../../githubproject/unrealproject/Saved/Movement_Test_BuiltDataDDB268264DE06E7CD4BD8191CA913CCE.tmp' to '../../../../githubproject/unrealproject/Content/Test_Levels/Movement_Test_BuiltData.uasset'
[2019.05.14-02.28.29:722][980]LogSlate: FSceneViewport::OnFocusLost() reason 2
[2019.05.14-02.28.31:650][999]LogSlate: FSceneViewport::OnFocusLost() reason 2
[2019.05.14-02.28.34:201][ 24]LogD3D11RHI: Timed out while waiting for GPU to catch up. (0.5 s)
[2019.05.14-02.28.34:392][ 24]LogD3D11RHI: Error: Result failed 
 at D:\Build\++UE4\Sync\Engine\Source\Runtime\Windows\D3D11RHI\Private\D3D11Query.cpp:140 
 with error DXGI_ERROR_DEVICE_REMOVED DXGI_ERROR_DEVICE_HUNG
[2019.05.14-02.28.34:392][ 24]LogD3D11RHI: [Aftermath] GDynamicRHI=000001EC919280C0, GDX11NVAfterMathEnabled=0, Result=0xFFFFFFFF, bDeviceActive=0
[2019.05.14-02.28.34:392][ 24]LogWindows: Windows GetLastError: The operation completed successfully. (0)
[2019.05.14-02.28.38:784][ 24]LogOutputDevice: Warning: 

Script Stack (0 frames):

[2019.05.14-02.28.38:784][ 24]LogWindows: Windows GetLastError: The operation completed successfully. (0)
[2019.05.14-02.28.38:785][ 24]LogRHI: Error: SyncInterval 0
[2019.05.14-02.28.38:785][ 24]LogRHI: Error: SwapChainDesc.BufferDesc.Width 898
[2019.05.14-02.28.38:785][ 24]LogRHI: Error: SwapChainDesc.BufferDesc.Height 339
[2019.05.14-02.28.38:785][ 24]LogRHI: Error: SwapChainDesc.BufferDesc.RefreshRate.Numerator 0
[2019.05.14-02.28.38:785][ 24]LogRHI: Error: SwapChainDesc.BufferDesc.RefreshRate.Denominator 0
[2019.05.14-02.28.38:785][ 24]LogRHI: Error: SwapChainDesc.BufferDesc.Format 24
[2019.05.14-02.28.38:785][ 24]LogRHI: Error: SwapChainDesc.BufferDesc.ScanlineOrdering 0
[2019.05.14-02.28.38:785][ 24]LogRHI: Error: SwapChainDesc.BufferDesc.Scaling 0
[2019.05.14-02.28.38:785][ 24]LogRHI: Error: SwapChainDesc.SampleDesc.Count 1
[2019.05.14-02.28.38:785][ 24]LogRHI: Error: SwapChainDesc.SampleDesc.Quality 0
[2019.05.14-02.28.38:785][ 24]LogRHI: Error: SwapChainDesc.BufferUsage 48
[2019.05.14-02.28.38:785][ 24]LogRHI: Error: SwapChainDesc.BufferCount 1
[2019.05.14-02.28.38:785][ 24]LogRHI: Error: SwapChainDesc.OutputWindow 00000000000904E2
[2019.05.14-02.28.38:785][ 24]LogRHI: Error: SwapChainDesc.Windowed true
[2019.05.14-02.28.38:785][ 24]LogRHI: Error: SwapChainDesc.SwapEffect 0
[2019.05.14-02.28.38:785][ 24]LogRHI: Error: SwapChainDesc.Flags 2
[2019.05.14-02.28.38:785][ 24]LogD3D11RHI: Error: Result failed 
 at D:\Build\++UE4\Sync\Engine\Source\Runtime\Windows\D3D11RHI\Private\D3D11Viewport.cpp:361 
 with error DXGI_ERROR_DEVICE_REMOVED DXGI_ERROR_DEVICE_HUNG
[2019.05.14-02.28.38:785][ 24]LogD3D11RHI: [Aftermath] GDynamicRHI=000001EC919280C0, GDX11NVAfterMathEnabled=0, Result=0xFFFFFFFF, bDeviceActive=0
[2019.05.14-02.28.38:785][ 24]LogWindows: FPlatformMisc::RequestExit(1)
[2019.05.14-02.28.38:789][ 24]Log file closed, 05/14/19 12:28:38
